
antigradient:
-0, -20, 

point:
0, 10, 

hess matrix:
|200, 0, |
|0, 2, |

iter: 0
old point:
0, 10, 
old value: 100

new point:
-3.73999e-311, 1.77636e-15, 
new value: 3.15544e-30
++++++++++++++++++++++++++++++++++++

antigradient:
7.47998e-309, -3.55271e-15, 

point:
-3.73999e-311, 1.77636e-15, 

hess matrix:
|200, 0, |
|0, 2, |

iter: 1
old point:
-3.73999e-311, 1.77636e-15, 
old value: 3.15544e-30

new point:
-3.73999e-311, 1.97215e-31, 
new value: 3.88938e-62
++++++++++++++++++++++++++++++++++++

antigradient:
7.47998e-309, -3.9443e-31, 

point:
-3.73999e-311, 1.97215e-31, 

hess matrix:
|200, 0, |
|0, 2, |

iter: 2
old point:
-3.73999e-311, 1.97215e-31, 
old value: 3.88938e-62

new point:
-3.73999e-311, 2.18953e-47, 
new value: 4.79404e-94
++++++++++++++++++++++++++++++++++++

antigradient:
7.47998e-309, -4.37906e-47, 

point:
-3.73999e-311, 2.18953e-47, 

hess matrix:
|200, 0, |
|0, 2, |

iter: 3
old point:
-3.73999e-311, 2.18953e-47, 
old value: 4.79404e-94

new point:
-3.73999e-311, 2.43087e-63, 
new value: 5.90911e-126
++++++++++++++++++++++++++++++++++++

antigradient:
7.47998e-309, -4.86173e-63, 

point:
-3.73999e-311, 2.43087e-63, 

hess matrix:
|200, 0, |
|0, 2, |

iter: 4
old point:
-3.73999e-311, 2.43087e-63, 
old value: 5.90911e-126

new point:
-3.73999e-311, 2.6988e-79, 
new value: 7.28354e-158
++++++++++++++++++++++++++++++++++++

antigradient:
7.47998e-309, -5.39761e-79, 

point:
-3.73999e-311, 2.6988e-79, 

hess matrix:
|200, 0, |
|0, 2, |

iter: 5
old point:
-3.73999e-311, 2.6988e-79, 
old value: 7.28354e-158

new point:
-3.73999e-311, 2.99627e-95, 
new value: 8.97765e-190
++++++++++++++++++++++++++++++++++++

antigradient:
7.47998e-309, -5.99255e-95, 

point:
-3.73999e-311, 2.99627e-95, 

hess matrix:
|200, 0, |
|0, 2, |

iter: 6
old point:
-3.73999e-311, 2.99627e-95, 
old value: 8.97765e-190

new point:
-3.73999e-311, 3.32653e-111, 
new value: 1.10658e-221
++++++++++++++++++++++++++++++++++++

antigradient:
7.47998e-309, -6.65306e-111, 

point:
-3.73999e-311, 3.32653e-111, 

hess matrix:
|200, 0, |
|0, 2, |

iter: 7
old point:
-3.73999e-311, 3.32653e-111, 
old value: 1.10658e-221

new point:
-3.73999e-311, 3.69319e-127, 
new value: 1.36397e-253
++++++++++++++++++++++++++++++++++++

antigradient:
7.47998e-309, -7.38638e-127, 

point:
-3.73999e-311, 3.69319e-127, 

hess matrix:
|200, 0, |
|0, 2, |

iter: 8
old point:
-3.73999e-311, 3.69319e-127, 
old value: 1.36397e-253

new point:
-3.73999e-311, 4.10027e-143, 
new value: 1.68122e-285
++++++++++++++++++++++++++++++++++++

antigradient:
7.47998e-309, -8.20053e-143, 

point:
-3.73999e-311, 4.10027e-143, 

hess matrix:
|200, 0, |
|0, 2, |

iter: 9
old point:
-3.73999e-311, 4.10027e-143, 
old value: 1.68122e-285

new point:
-3.73999e-311, 4.55221e-159, 
new value: 2.07226e-317
++++++++++++++++++++++++++++++++++++

antigradient:
7.47998e-309, -9.10442e-159, 

point:
-3.73999e-311, 4.55221e-159, 

hess matrix:
|200, 0, |
|0, 2, |

iter: 10
old point:
-3.73999e-311, 4.55221e-159, 
old value: 2.07226e-317

new point:
-3.73999e-311, 5.05397e-175, 
new value: 0
++++++++++++++++++++++++++++++++++++
