Function:
-4 - 2X0 + X0^3 + 3X1 - X0*X1 + X1^2
EPSILON: 8.67362e-19
MIN STEP: 8.67362e-19
MAX STEP: 1

== Iter: 1 ==

	subIter: 0	direction: -2, 3, 
	step: 0.340493
	P: 0.680986, -1.02148, 
	Q: 2.41271, -2.72395, 
	hess delta: -0.334841, 0.339158, 
0, -0.324594, 

	new_point: 0.680986, -1.02148, 
	points delta: 1.22767
	value: -6.37157
	value delta: -2.37157

	subIter: 1	direction: 0.412708, 0.276054, 
	step: 0.493336
	P: -0.181618, -0.0919817, 
	Q: -0.551139, -0.00234572, 
	hess delta: -0.336324, -0.175491, 
0, 0.0843306, 

	new_point: 0.499369, -1.11346, 
	points delta: 1.22031
	value: -6.41877
	value delta: -2.41877

== Iter: 2 ==

	subIter: 0	direction: -0.138431, 0.273708, 
	step: 0.657134
	P: 0.000475801, -0.136649, 
	Q: 0.138075, -0.273773, 
	hess delta: -0.000468789, 0.000203975, 
0, -0.260383, 

	new_point: 0.499845, -1.25011, 
	points delta: 0.136649
	value: -6.4375
	value delta: -0.0187295

	subIter: 1	direction: -0.000356127, -6.46137e-05, 
	step: 0.999633
	P: 0.000127482, 3.22532e-05, 
	Q: 0.000350122, -6.29754e-05, 
	hess delta: 0.0699377, 0.0262556, 
0, -0.00118835, 

	new_point: 0.499972, -1.25008, 
	points delta: 0.136618
	value: -6.4375
	value delta: -0.0187296

== Iter: 3 ==

	subIter: 0	direction: -6.00521e-06, -0.000127589, 
	step: 0.999633
	P: 2.66402e-05, 6.35371e-05, 
	Q: 1.63811e-05, 0.000100434, 
	hess delta: 0.0733951, -0.00181138, 
0, 0.132366, 

	new_point: 0.499999, -1.25001, 
	points delta: 6.8896e-05
	value: -6.4375
	value delta: -4.85778e-09

	subIter: 1	direction: 1.03759e-05, -2.71551e-05, 
	step: 0.799927
	P: 1.75512e-07, 1.36964e-05, 
	Q: -1.31699e-05, 2.72173e-05, 
	hess delta: -0.0139414, 0.0396329, 
0, -0.105419, 

	new_point: 0.499999, -1.25, 
	points delta: 8.17563e-05
	value: -6.4375
	value delta: -5.04265e-09

== Iter: 4 ==

	subIter: 0	direction: -2.79401e-06, 6.22636e-08, 
	step: 0.737254
	P: 9.32469e-07, -2.41048e-08, 
	Q: 2.82151e-06, -9.80679e-07, 
	hess delta: -0.0645113, -0.0473796, 
0, -0.075152, 

	new_point: 0.5, -1.25, 
	points delta: 9.32781e-07
	value: -6.4375
	value delta: -1.28075e-12

	subIter: 1	direction: 2.75e-08, -9.18415e-07, 
	step: 0.99918
	P: 1.54895e-07, 4.1291e-07, 
	Q: 5.17752e-08, 6.70926e-07, 
	hess delta: 0.0704408, 0.0145171, 
0, 0.163868, 

	new_point: 0.5, -1.25, 
	points delta: 1.15479e-06
	value: -6.4375
	value delta: -1.51346e-12

== Iter: 5 ==

	subIter: 0	direction: 7.92752e-08, -2.4749e-07, 
	step: 0.824772
	P: 9.50356e-09, 1.25296e-07, 
	Q: -9.67852e-08, 2.41088e-07, 
	hess delta: 0.0058101, 0.0328145, 
0, -0.0814046, 

	new_point: 0.5, -1.25, 
	points delta: 1.25656e-07
	value: -6.4375
	value delta: -1.77636e-14

	subIter: 1	direction: -1.751e-08, -6.40137e-09, 
	step: 0.999633
	P: 9.6762e-09, 3.40699e-09, 
	Q: 2.56216e-08, -2.86223e-09, 
	hess delta: -0.0694552, -0.0275215, 
0, 0.0408873, 

	new_point: 0.5, -1.25, 
	points delta: 1.30124e-07
	value: -6.4375
	value delta: -1.59872e-14

== Iter: 6 ==

	subIter: 0	direction: 8.11167e-09, -9.2636e-09, 
	step: 0.999633
	P: -1.38828e-09, 5.30897e-09, 
	Q: -9.47379e-09, 1.20062e-08, 
	hess delta: -0.0297181, -0.0237948, 
0, -0.128248, 

	new_point: 0.5, -1.25, 
	points delta: 5.48748e-09
	value: -6.4375
	value delta: 1.77636e-15

	subIter: 1	direction: -1.36213e-09, 2.74261e-09, 
	step: 0.999633
	P: 2.01218e-11, -1.22018e-09, 
	Q: 1.28055e-09, -2.46049e-09, 
	hess delta: -0.0067303, 0.00446906, 
0, 0.0548786, 

	new_point: 0.5, -1.25, 
	points delta: 4.31161e-09
	value: -6.4375
	value delta: 0
