Function:
-4 - 2X1 + X1^3 + 3X2 - X1*X2 + X2^2
EPSILON: 8.67362e-19
STEP: 0.03125

== Iter: 1 ==
new point: 0, -0.09375, 
points delta: 0.09375
value: -4.27246

== Iter: 2 ==
new point: 0.0595703, -0.09375, 
points delta: 0.0595703
value: -4.38581

== Iter: 3 ==
new point: 0.0595703, -0.179779, 
points delta: 0.0860291
value: -4.61524

== Iter: 4 ==
new point: 0.11612, -0.179779, 
points delta: 0.0565492
value: -4.71681

== Iter: 5 ==
new point: 0.11612, -0.258664, 
points delta: 0.0788851
value: -4.90972

== Iter: 6 ==
new point: 0.169272, -0.258664, 
points delta: 0.0531526
value: -4.99899

== Iter: 7 ==
new point: 0.169272, -0.330958, 
points delta: 0.0722937
value: -5.16101

== Iter: 8 ==
new point: 0.218744, -0.330958, 
points delta: 0.0494713
value: -5.23797

== Iter: 9 ==
new point: 0.218744, -0.397187, 
points delta: 0.0662294
value: -5.37394

== Iter: 10 ==
new point: 0.264346, -0.397187, 
points delta: 0.0456021
value: -5.43903

== Iter: 11 ==
new point: 0.264346, -0.457852, 
points delta: 0.060665
value: -5.55312

== Iter: 12 ==
new point: 0.305987, -0.457852, 
points delta: 0.041641
value: -5.60716

== Iter: 13 ==
new point: 0.305987, -0.513424, 
points delta: 0.0555722
value: -5.70289

== Iter: 14 ==
new point: 0.343664, -0.513424, 
points delta: 0.0376779
value: -5.74696

== Iter: 15 ==
new point: 0.343664, -0.564346, 
points delta: 0.0509215
value: -5.82735

== Iter: 16 ==
new point: 0.377456, -0.564346, 
points delta: 0.0337918
value: -5.86267

== Iter: 17 ==
new point: 0.377456, -0.611029, 
points delta: 0.0466829
value: -5.93023

== Iter: 18 ==
new point: 0.407505, -0.611029, 
points delta: 0.0300485
value: -5.95807

== Iter: 19 ==
new point: 0.407505, -0.653855, 
points delta: 0.0428262
value: -6.01493

== Iter: 20 ==
new point: 0.434004, -0.653855, 
points delta: 0.0264989
value: -6.03652

== Iter: 21 ==
new point: 0.434004, -0.693176, 
points delta: 0.0393215
value: -6.08445

== Iter: 22 ==
new point: 0.457183, -0.693176, 
points delta: 0.0231796
value: -6.10093

== Iter: 23 ==
new point: 0.457183, -0.729316, 
points delta: 0.0361395
value: -6.14142

== Iter: 24 ==
new point: 0.477297, -0.729316, 
points delta: 0.0201136
value: -6.15381

== Iter: 25 ==
new point: 0.477297, -0.762568, 
points delta: 0.0332522
value: -6.18808

== Iter: 26 ==
new point: 0.494609, -0.762568, 
points delta: 0.0173123
value: -6.19724

== Iter: 27 ==
new point: 0.494609, -0.793201, 
points delta: 0.030633
value: -6.22633

== Iter: 28 ==
new point: 0.509387, -0.793201, 
points delta: 0.0147776
value: -6.23299

== Iter: 29 ==
new point: 0.509387, -0.821458, 
points delta: 0.0282566
value: -6.25774

== Iter: 30 ==
new point: 0.52189, -0.821458, 
points delta: 0.0125037
value: -6.2625

== Iter: 31 ==
new point: 0.52189, -0.847557, 
points delta: 0.0260998
value: -6.28362

== Iter: 32 ==
new point: 0.53237, -0.847557, 
points delta: 0.0104792
value: -6.28696

== Iter: 33 ==
new point: 0.53237, -0.871699, 
points delta: 0.0241411
value: -6.30503

== Iter: 34 ==
new point: 0.541059, -0.871699, 
points delta: 0.00868903
value: -6.30732

== Iter: 35 ==
new point: 0.541059, -0.894059, 
points delta: 0.0223608
value: -6.32282

== Iter: 36 ==
new point: 0.548175, -0.894059, 
points delta: 0.00711585
value: -6.32436

== Iter: 37 ==
new point: 0.548175, -0.9148, 
points delta: 0.0207408
value: -6.3377

== Iter: 38 ==
new point: 0.553916, -0.9148, 
points delta: 0.00574106
value: -6.3387

== Iter: 39 ==
new point: 0.553916, -0.934065, 
points delta: 0.0192651
value: -6.3502

== Iter: 40 ==
new point: 0.558461, -0.934065, 
points delta: 0.00454585
value: -6.35083

== Iter: 41 ==
new point: 0.558461, -0.951984, 
points delta: 0.017919
value: -6.36078

== Iter: 42 ==
new point: 0.561973, -0.951984, 
points delta: 0.00351182
value: -6.36116

== Iter: 43 ==
new point: 0.561973, -0.968674, 
points delta: 0.0166893
value: -6.36979

== Iter: 44 ==
new point: 0.564595, -0.968674, 
points delta: 0.00262139
value: -6.37

== Iter: 45 ==
new point: 0.564595, -0.984238, 
points delta: 0.0155643
value: -6.37751

== Iter: 46 ==
new point: 0.566453, -0.984238, 
points delta: 0.00185815
value: -6.37761

== Iter: 47 ==
new point: 0.566453, -0.998771, 
points delta: 0.0145335
value: -6.38416

== Iter: 48 ==
new point: 0.56766, -0.998771, 
points delta: 0.00120695
value: -6.38421

== Iter: 49 ==
new point: 0.56766, -1.01236, 
points delta: 0.0135874
value: -6.38993

== Iter: 50 ==
new point: 0.568314, -1.01236, 
points delta: 0.000654013
value: -6.38994

== Iter: 51 ==
new point: 0.568314, -1.02508, 
points delta: 0.0127178
value: -6.39496

== Iter: 52 ==
new point: 0.568501, -1.02508, 
points delta: 0.000186932
value: -6.39496

== Iter: 53 ==
new point: 0.568501, -1.03699, 
points delta: 0.0119171
value: -6.39936

== Iter: 54 ==
new point: 0.568295, -1.03699, 
points delta: 0.000205399
value: -6.39936

== Iter: 55 ==
new point: 0.568295, -1.04817, 
points delta: 0.0111787
value: -6.40323

== Iter: 56 ==
new point: 0.567762, -1.04817, 
points delta: 0.000532842
value: -6.40324

== Iter: 57 ==
new point: 0.567762, -1.05867, 
points delta: 0.0104967
value: -6.40666

== Iter: 58 ==
new point: 0.566958, -1.05867, 
points delta: 0.000804112
value: -6.40668

== Iter: 59 ==
new point: 0.566958, -1.06853, 
points delta: 0.00986574
value: -6.4097

== Iter: 60 ==
new point: 0.565931, -1.06853, 
points delta: 0.00102687
value: -6.40973

== Iter: 61 ==
new point: 0.565931, -1.07782, 
points delta: 0.00928122
value: -6.4124

== Iter: 62 ==
new point: 0.564724, -1.07782, 
points delta: 0.00120785
value: -6.41244

== Iter: 63 ==
new point: 0.564724, -1.08655, 
points delta: 0.00873889
value: -6.41481

== Iter: 64 ==
new point: 0.563371, -1.08655, 
points delta: 0.00135291
value: -6.41487

== Iter: 65 ==
new point: 0.563371, -1.09479, 
points delta: 0.00823499
value: -6.41697

== Iter: 66 ==
new point: 0.561904, -1.09479, 
points delta: 0.00146717
value: -6.41703

== Iter: 67 ==
new point: 0.561904, -1.10256, 
points delta: 0.00776615
value: -6.4189

== Iter: 68 ==
new point: 0.560348, -1.10256, 
points delta: 0.00155508
value: -6.41898

== Iter: 69 ==
new point: 0.560348, -1.10989, 
points delta: 0.00732936
value: -6.42064

== Iter: 70 ==
new point: 0.558728, -1.10989, 
points delta: 0.00162052
value: -6.42072

== Iter: 71 ==
new point: 0.558728, -1.11681, 
points delta: 0.00692192
value: -6.42221

== Iter: 72 ==
new point: 0.557061, -1.11681, 
points delta: 0.00166681
value: -6.42229

== Iter: 73 ==
new point: 0.557061, -1.12335, 
points delta: 0.00654139
value: -6.42362

== Iter: 74 ==
new point: 0.555364, -1.12335, 
points delta: 0.00169687
value: -6.4237

== Iter: 75 ==
new point: 0.555364, -1.12953, 
points delta: 0.00618558
value: -6.42489

== Iter: 76 ==
new point: 0.553651, -1.12953, 
points delta: 0.00171321
value: -6.42498

== Iter: 77 ==
new point: 0.553651, -1.13539, 
points delta: 0.00585252
value: -6.42604

== Iter: 78 ==
new point: 0.551933, -1.13539, 
points delta: 0.00171797
value: -6.42613

== Iter: 79 ==
new point: 0.551933, -1.14093, 
points delta: 0.00554042
value: -6.42708

== Iter: 80 ==
new point: 0.55022, -1.14093, 
points delta: 0.00171305
value: -6.42717

== Iter: 81 ==
new point: 0.55022, -1.14617, 
points delta: 0.00524768
value: -6.42802

== Iter: 82 ==
new point: 0.54852, -1.14617, 
points delta: 0.00170003
value: -6.42811

== Iter: 83 ==
new point: 0.54852, -1.15115, 
points delta: 0.00497282
value: -6.42888

== Iter: 84 ==
new point: 0.54684, -1.15115, 
points delta: 0.00168032
value: -6.42896

== Iter: 85 ==
new point: 0.54684, -1.15586, 
points delta: 0.00471453
value: -6.42965

== Iter: 86 ==
new point: 0.545185, -1.15586, 
points delta: 0.0016551
value: -6.42974

== Iter: 87 ==
new point: 0.545185, -1.16033, 
points delta: 0.0044716
value: -6.43036

== Iter: 88 ==
new point: 0.543559, -1.16033, 
points delta: 0.00162539
value: -6.43044

== Iter: 89 ==
new point: 0.543559, -1.16458, 
points delta: 0.00424291
value: -6.431

== Iter: 90 ==
new point: 0.541967, -1.16458, 
points delta: 0.00159208
value: -6.43107

== Iter: 91 ==
new point: 0.541967, -1.1686, 
points delta: 0.00402748
value: -6.43157

== Iter: 92 ==
new point: 0.540411, -1.1686, 
points delta: 0.00155591
value: -6.43165

== Iter: 93 ==
new point: 0.540411, -1.17243, 
points delta: 0.00382439
value: -6.4321

== Iter: 94 ==
new point: 0.538894, -1.17243, 
points delta: 0.00151754
value: -6.43217

== Iter: 95 ==
new point: 0.538894, -1.17606, 
points delta: 0.00363279
value: -6.43258

== Iter: 96 ==
new point: 0.537416, -1.17606, 
points delta: 0.00147751
value: -6.43265

== Iter: 97 ==
new point: 0.537416, -1.17951, 
points delta: 0.00345191
value: -6.43302

== Iter: 98 ==
new point: 0.53598, -1.17951, 
points delta: 0.0014363
value: -6.43308

== Iter: 99 ==
new point: 0.53598, -1.18279, 
points delta: 0.00328105
value: -6.43341

== Iter: 100 ==
new point: 0.534586, -1.18279, 
points delta: 0.0013943
value: -6.43347

== Iter: 101 ==
new point: 0.534586, -1.18591, 
points delta: 0.00311956
value: -6.43377

== Iter: 102 ==
new point: 0.533234, -1.18591, 
points delta: 0.00135184
value: -6.43383

== Iter: 103 ==
new point: 0.533234, -1.18888, 
points delta: 0.00296683
value: -6.4341

== Iter: 104 ==
new point: 0.531924, -1.18888, 
points delta: 0.00130923
value: -6.43415

== Iter: 105 ==
new point: 0.531924, -1.1917, 
points delta: 0.00282232
value: -6.4344

== Iter: 106 ==
new point: 0.530658, -1.1917, 
points delta: 0.00126669
value: -6.43445

== Iter: 107 ==
new point: 0.530658, -1.19439, 
points delta: 0.00268551
value: -6.43467

== Iter: 108 ==
new point: 0.529433, -1.19439, 
points delta: 0.00122442
value: -6.43472

== Iter: 109 ==
new point: 0.529433, -1.19694, 
points delta: 0.00255592
value: -6.43492

== Iter: 110 ==
new point: 0.528251, -1.19694, 
points delta: 0.00118261
value: -6.43496

== Iter: 111 ==
new point: 0.528251, -1.19938, 
points delta: 0.00243314
value: -6.43515

== Iter: 112 ==
new point: 0.527109, -1.19938, 
points delta: 0.00114138
value: -6.43519

== Iter: 113 ==
new point: 0.527109, -1.20169, 
points delta: 0.00231673
value: -6.43535

== Iter: 114 ==
new point: 0.526009, -1.20169, 
points delta: 0.00110085
value: -6.43539

== Iter: 115 ==
new point: 0.526009, -1.2039, 
points delta: 0.00220634
value: -6.43554

== Iter: 116 ==
new point: 0.524947, -1.2039, 
points delta: 0.00106111
value: -6.43558

== Iter: 117 ==
new point: 0.524947, -1.206, 
points delta: 0.0021016
value: -6.43571

== Iter: 118 ==
new point: 0.523925, -1.206, 
points delta: 0.00102224
value: -6.43574

== Iter: 119 ==
new point: 0.523925, -1.208, 
points delta: 0.0020022
value: -6.43587

== Iter: 120 ==
new point: 0.522941, -1.208, 
points delta: 0.000984288
value: -6.4359

== Iter: 121 ==
new point: 0.522941, -1.20991, 
points delta: 0.00190782
value: -6.43601

== Iter: 122 ==
new point: 0.521994, -1.20991, 
points delta: 0.000947306
value: -6.43604

== Iter: 123 ==
new point: 0.521994, -1.21173, 
points delta: 0.00181818
value: -6.43614

== Iter: 124 ==
new point: 0.521082, -1.21173, 
points delta: 0.000911323
value: -6.43617

== Iter: 125 ==
new point: 0.521082, -1.21346, 
points delta: 0.00173303
value: -6.43626

== Iter: 126 ==
new point: 0.520206, -1.21346, 
points delta: 0.000876364
value: -6.43628

== Iter: 127 ==
new point: 0.520206, -1.21512, 
points delta: 0.0016521
value: -6.43637

== Iter: 128 ==
new point: 0.519363, -1.21512, 
points delta: 0.00084244
value: -6.43639

== Iter: 129 ==
new point: 0.519363, -1.21669, 
points delta: 0.00157517
value: -6.43647

== Iter: 130 ==
new point: 0.518554, -1.21669, 
points delta: 0.000809561
value: -6.43649

== Iter: 131 ==
new point: 0.518554, -1.21819, 
points delta: 0.00150202
value: -6.43656

== Iter: 132 ==
new point: 0.517776, -1.21819, 
points delta: 0.000777725
value: -6.43657

== Iter: 133 ==
new point: 0.517776, -1.21963, 
points delta: 0.00143245
value: -6.43664

== Iter: 134 ==
new point: 0.517029, -1.21963, 
points delta: 0.000746928
value: -6.43665

== Iter: 135 ==
new point: 0.517029, -1.22099, 
points delta: 0.00136626
value: -6.43671

== Iter: 136 ==
new point: 0.516312, -1.22099, 
points delta: 0.000717162
value: -6.43673

== Iter: 137 ==
new point: 0.516312, -1.22229, 
points delta: 0.00130328
value: -6.43678

== Iter: 138 ==
new point: 0.515624, -1.22229, 
points delta: 0.000688414
value: -6.4368

== Iter: 139 ==
new point: 0.515624, -1.22354, 
points delta: 0.00124334
value: -6.43684

== Iter: 140 ==
new point: 0.514963, -1.22354, 
points delta: 0.000660668
value: -6.43686

== Iter: 141 ==
new point: 0.514963, -1.22472, 
points delta: 0.00118628
value: -6.4369

== Iter: 142 ==
new point: 0.514329, -1.22472, 
points delta: 0.000633907
value: -6.43691

== Iter: 143 ==
new point: 0.514329, -1.22586, 
points delta: 0.00113194
value: -6.43695

== Iter: 144 ==
new point: 0.513721, -1.22586, 
points delta: 0.000608111
value: -6.43696

== Iter: 145 ==
new point: 0.513721, -1.22694, 
points delta: 0.0010802
value: -6.437

== Iter: 146 ==
new point: 0.513138, -1.22694, 
points delta: 0.000583258
value: -6.43701

== Iter: 147 ==
new point: 0.513138, -1.22797, 
points delta: 0.00103091
value: -6.43704

== Iter: 148 ==
new point: 0.512578, -1.22797, 
points delta: 0.000559325
value: -6.43705

== Iter: 149 ==
new point: 0.512578, -1.22895, 
points delta: 0.000983961
value: -6.43708

== Iter: 150 ==
new point: 0.512042, -1.22895, 
points delta: 0.000536288
value: -6.43709

== Iter: 151 ==
new point: 0.512042, -1.22989, 
points delta: 0.000939222
value: -6.43712

== Iter: 152 ==
new point: 0.511528, -1.22989, 
points delta: 0.000514124
value: -6.43713

== Iter: 153 ==
new point: 0.511528, -1.23079, 
points delta: 0.000896587
value: -6.43715

== Iter: 154 ==
new point: 0.511035, -1.23079, 
points delta: 0.000492807
value: -6.43716

== Iter: 155 ==
new point: 0.511035, -1.23164, 
points delta: 0.000855951
value: -6.43718

== Iter: 156 ==
new point: 0.510563, -1.23164, 
points delta: 0.000472313
value: -6.43719

== Iter: 157 ==
new point: 0.510563, -1.23246, 
points delta: 0.000817214
value: -6.43721

== Iter: 158 ==
new point: 0.51011, -1.23246, 
points delta: 0.000452615
value: -6.43722

== Iter: 159 ==
new point: 0.51011, -1.23324, 
points delta: 0.000780282
value: -6.43723

== Iter: 160 ==
new point: 0.509677, -1.23324, 
points delta: 0.000433689
value: -6.43724

== Iter: 161 ==
new point: 0.509677, -1.23399, 
points delta: 0.000745067
value: -6.43726

== Iter: 162 ==
new point: 0.509261, -1.23399, 
points delta: 0.000415509
value: -6.43726

== Iter: 163 ==
new point: 0.509261, -1.2347, 
points delta: 0.000711485
value: -6.43728

== Iter: 164 ==
new point: 0.508863, -1.2347, 
points delta: 0.000398052
value: -6.43728

== Iter: 165 ==
new point: 0.508863, -1.23538, 
points delta: 0.000679456
value: -6.4373

== Iter: 166 ==
new point: 0.508482, -1.23538, 
points delta: 0.000381291
value: -6.4373

== Iter: 167 ==
new point: 0.508482, -1.23603, 
points delta: 0.000648906
value: -6.43731

== Iter: 168 ==
new point: 0.508117, -1.23603, 
points delta: 0.000365203
value: -6.43732

== Iter: 169 ==
new point: 0.508117, -1.23665, 
points delta: 0.000619762
value: -6.43733

== Iter: 170 ==
new point: 0.507767, -1.23665, 
points delta: 0.000349765
value: -6.43733

== Iter: 171 ==
new point: 0.507767, -1.23724, 
points delta: 0.000591957
value: -6.43735

== Iter: 172 ==
new point: 0.507432, -1.23724, 
points delta: 0.000334952
value: -6.43735

== Iter: 173 ==
new point: 0.507432, -1.2378, 
points delta: 0.000565427
value: -6.43736

== Iter: 174 ==
new point: 0.507111, -1.2378, 
points delta: 0.000320743
value: -6.43736

== Iter: 175 ==
new point: 0.507111, -1.23834, 
points delta: 0.000540111
value: -6.43737

== Iter: 176 ==
new point: 0.506804, -1.23834, 
points delta: 0.000307114
value: -6.43737

== Iter: 177 ==
new point: 0.506804, -1.23886, 
points delta: 0.000515951
value: -6.43738

== Iter: 178 ==
new point: 0.50651, -1.23886, 
points delta: 0.000294045
value: -6.43738

== Iter: 179 ==
new point: 0.50651, -1.23935, 
points delta: 0.000492893
value: -6.43739

== Iter: 180 ==
new point: 0.506228, -1.23935, 
points delta: 0.000281514
value: -6.43739

== Iter: 181 ==
new point: 0.506228, -1.23982, 
points delta: 0.000470885
value: -6.4374

== Iter: 182 ==
new point: 0.505959, -1.23982, 
points delta: 0.000269501
value: -6.4374

== Iter: 183 ==
new point: 0.505959, -1.24027, 
points delta: 0.000449876
value: -6.43741

== Iter: 184 ==
new point: 0.505701, -1.24027, 
points delta: 0.000257986
value: -6.43741

== Iter: 185 ==
new point: 0.505701, -1.2407, 
points delta: 0.000429821
value: -6.43742

== Iter: 186 ==
new point: 0.505454, -1.2407, 
points delta: 0.00024695
value: -6.43742

== Iter: 187 ==
new point: 0.505454, -1.24111, 
points delta: 0.000410674
value: -6.43742

== Iter: 188 ==
new point: 0.505218, -1.24111, 
points delta: 0.000236374
value: -6.43743

== Iter: 189 ==
new point: 0.505218, -1.24151, 
points delta: 0.000392394
value: -6.43743

== Iter: 190 ==
new point: 0.504991, -1.24151, 
points delta: 0.000226239
value: -6.43743

== Iter: 191 ==
new point: 0.504991, -1.24188, 
points delta: 0.000374939
value: -6.43744

== Iter: 192 ==
new point: 0.504775, -1.24188, 
points delta: 0.00021653
value: -6.43744

== Iter: 193 ==
new point: 0.504775, -1.24224, 
points delta: 0.000358272
value: -6.43744

== Iter: 194 ==
new point: 0.504568, -1.24224, 
points delta: 0.000207228
value: -6.43744

== Iter: 195 ==
new point: 0.504568, -1.24258, 
points delta: 0.000342356
value: -6.43745

== Iter: 196 ==
new point: 0.504369, -1.24258, 
points delta: 0.000198317
value: -6.43745

== Iter: 197 ==
new point: 0.504369, -1.24291, 
points delta: 0.000327156
value: -6.43745

== Iter: 198 ==
new point: 0.504179, -1.24291, 
points delta: 0.000189783
value: -6.43745

== Iter: 199 ==
new point: 0.504179, -1.24322, 
points delta: 0.00031264
value: -6.43746

== Iter: 200 ==
new point: 0.503998, -1.24322, 
points delta: 0.000181608
value: -6.43746

== Iter: 201 ==
new point: 0.503998, -1.24352, 
points delta: 0.000298775
value: -6.43746

== Iter: 202 ==
new point: 0.503824, -1.24352, 
points delta: 0.00017378
value: -6.43746

== Iter: 203 ==
new point: 0.503824, -1.2438, 
points delta: 0.000285532
value: -6.43746

== Iter: 204 ==
new point: 0.503658, -1.2438, 
points delta: 0.000166284
value: -6.43746

== Iter: 205 ==
new point: 0.503658, -1.24408, 
points delta: 0.000272883
value: -6.43747

== Iter: 206 ==
new point: 0.503499, -1.24408, 
points delta: 0.000159106
value: -6.43747

== Iter: 207 ==
new point: 0.503499, -1.24434, 
points delta: 0.0002608
value: -6.43747

== Iter: 208 ==
new point: 0.503346, -1.24434, 
points delta: 0.000152233
value: -6.43747

== Iter: 209 ==
new point: 0.503346, -1.24459, 
points delta: 0.000249257
value: -6.43747

== Iter: 210 ==
new point: 0.503201, -1.24459, 
points delta: 0.000145652
value: -6.43747

== Iter: 211 ==
new point: 0.503201, -1.24483, 
points delta: 0.00023823
value: -6.43747

== Iter: 212 ==
new point: 0.503061, -1.24483, 
points delta: 0.000139353
value: -6.43747

== Iter: 213 ==
new point: 0.503061, -1.24505, 
points delta: 0.000227695
value: -6.43748

== Iter: 214 ==
new point: 0.502928, -1.24505, 
points delta: 0.000133322
value: -6.43748

== Iter: 215 ==
new point: 0.502928, -1.24527, 
points delta: 0.000217631
value: -6.43748

== Iter: 216 ==
new point: 0.502801, -1.24527, 
points delta: 0.000127549
value: -6.43748

== Iter: 217 ==
new point: 0.502801, -1.24548, 
points delta: 0.000208015
value: -6.43748

== Iter: 218 ==
new point: 0.502679, -1.24548, 
points delta: 0.000122023
value: -6.43748

== Iter: 219 ==
new point: 0.502679, -1.24568, 
points delta: 0.000198827
value: -6.43748

== Iter: 220 ==
new point: 0.502562, -1.24568, 
points delta: 0.000116734
value: -6.43748

== Iter: 221 ==
new point: 0.502562, -1.24587, 
points delta: 0.000190048
value: -6.43748

== Iter: 222 ==
new point: 0.50245, -1.24587, 
points delta: 0.000111672
value: -6.43748

== Iter: 223 ==
new point: 0.50245, -1.24605, 
points delta: 0.00018166
value: -6.43749

== Iter: 224 ==
new point: 0.502343, -1.24605, 
points delta: 0.000106827
value: -6.43749

== Iter: 225 ==
new point: 0.502343, -1.24622, 
points delta: 0.000173645
value: -6.43749

== Iter: 226 ==
new point: 0.502241, -1.24622, 
points delta: 0.000102191
value: -6.43749

== Iter: 227 ==
new point: 0.502241, -1.24639, 
points delta: 0.000165985
value: -6.43749

== Iter: 228 ==
new point: 0.502143, -1.24639, 
points delta: 9.77534e-05
value: -6.43749

== Iter: 229 ==
new point: 0.502143, -1.24655, 
points delta: 0.000158666
value: -6.43749

== Iter: 230 ==
new point: 0.50205, -1.24655, 
points delta: 9.35072e-05
value: -6.43749

== Iter: 231 ==
new point: 0.50205, -1.2467, 
points delta: 0.000151671
value: -6.43749

== Iter: 232 ==
new point: 0.50196, -1.2467, 
points delta: 8.94439e-05
value: -6.43749

== Iter: 233 ==
new point: 0.50196, -1.24684, 
points delta: 0.000144987
value: -6.43749

== Iter: 234 ==
new point: 0.501875, -1.24684, 
points delta: 8.55557e-05
value: -6.43749

== Iter: 235 ==
new point: 0.501875, -1.24698, 
points delta: 0.000138599
value: -6.43749

== Iter: 236 ==
new point: 0.501793, -1.24698, 
points delta: 8.18353e-05
value: -6.43749

== Iter: 237 ==
new point: 0.501793, -1.24712, 
points delta: 0.000132494
value: -6.43749

== Iter: 238 ==
new point: 0.501715, -1.24712, 
points delta: 7.82756e-05
value: -6.43749

== Iter: 239 ==
new point: 0.501715, -1.24724, 
points delta: 0.000126659
value: -6.43749

== Iter: 240 ==
new point: 0.50164, -1.24724, 
points delta: 7.48696e-05
value: -6.43749

== Iter: 241 ==
new point: 0.50164, -1.24736, 
points delta: 0.000121083
value: -6.43749

== Iter: 242 ==
new point: 0.501568, -1.24736, 
points delta: 7.16109e-05
value: -6.43749

== Iter: 243 ==
new point: 0.501568, -1.24748, 
points delta: 0.000115753
value: -6.43749

== Iter: 244 ==
new point: 0.5015, -1.24748, 
points delta: 6.84931e-05
value: -6.43749

== Iter: 245 ==
new point: 0.5015, -1.24759, 
points delta: 0.000110659
value: -6.43749

== Iter: 246 ==
new point: 0.501434, -1.24759, 
points delta: 6.55102e-05
value: -6.43749

== Iter: 247 ==
new point: 0.501434, -1.2477, 
points delta: 0.00010579
value: -6.43749

== Iter: 248 ==
new point: 0.501372, -1.2477, 
points delta: 6.26566e-05
value: -6.4375

== Iter: 249 ==
new point: 0.501372, -1.2478, 
points delta: 0.000101136
value: -6.4375

== Iter: 250 ==
new point: 0.501312, -1.2478, 
points delta: 5.99265e-05
value: -6.4375

== Iter: 251 ==
new point: 0.501312, -1.24789, 
points delta: 9.66876e-05
value: -6.4375

== Iter: 252 ==
new point: 0.501254, -1.24789, 
points delta: 5.73148e-05
value: -6.4375

== Iter: 253 ==
new point: 0.501254, -1.24799, 
points delta: 9.24357e-05
value: -6.4375

== Iter: 254 ==
new point: 0.5012, -1.24799, 
points delta: 5.48164e-05
value: -6.4375

== Iter: 255 ==
new point: 0.5012, -1.24807, 
points delta: 8.83715e-05
value: -6.4375

== Iter: 256 ==
new point: 0.501147, -1.24807, 
points delta: 5.24263e-05
value: -6.4375

== Iter: 257 ==
new point: 0.501147, -1.24816, 
points delta: 8.44866e-05
value: -6.4375

== Iter: 258 ==
new point: 0.501097, -1.24816, 
points delta: 5.01401e-05
value: -6.4375

== Iter: 259 ==
new point: 0.501097, -1.24824, 
points delta: 8.07731e-05
value: -6.4375

== Iter: 260 ==
new point: 0.501049, -1.24824, 
points delta: 4.7953e-05
value: -6.4375

== Iter: 261 ==
new point: 0.501049, -1.24832, 
points delta: 7.72233e-05
value: -6.4375

== Iter: 262 ==
new point: 0.501003, -1.24832, 
points delta: 4.5861e-05
value: -6.4375

== Iter: 263 ==
new point: 0.501003, -1.24839, 
points delta: 7.383e-05
value: -6.4375

== Iter: 264 ==
new point: 0.500959, -1.24839, 
points delta: 4.38599e-05
value: -6.4375

== Iter: 265 ==
new point: 0.500959, -1.24846, 
points delta: 7.05862e-05
value: -6.4375

== Iter: 266 ==
new point: 0.500917, -1.24846, 
points delta: 4.19458e-05
value: -6.4375

== Iter: 267 ==
new point: 0.500917, -1.24853, 
points delta: 6.74854e-05
value: -6.4375

== Iter: 268 ==
new point: 0.500877, -1.24853, 
points delta: 4.01149e-05
value: -6.4375

== Iter: 269 ==
new point: 0.500877, -1.24859, 
points delta: 6.45212e-05
value: -6.4375

== Iter: 270 ==
new point: 0.500839, -1.24859, 
points delta: 3.83637e-05
value: -6.4375

== Iter: 271 ==
new point: 0.500839, -1.24866, 
points delta: 6.16874e-05
value: -6.4375

== Iter: 272 ==
new point: 0.500802, -1.24866, 
points delta: 3.66886e-05
value: -6.4375

== Iter: 273 ==
new point: 0.500802, -1.24871, 
points delta: 5.89785e-05
value: -6.4375

== Iter: 274 ==
new point: 0.500767, -1.24871, 
points delta: 3.50865e-05
value: -6.4375

== Iter: 275 ==
new point: 0.500767, -1.24877, 
points delta: 5.63888e-05
value: -6.4375

== Iter: 276 ==
new point: 0.500734, -1.24877, 
points delta: 3.35541e-05
value: -6.4375

== Iter: 277 ==
new point: 0.500734, -1.24882, 
points delta: 5.39131e-05
value: -6.4375

== Iter: 278 ==
new point: 0.500701, -1.24882, 
points delta: 3.20885e-05
value: -6.4375

== Iter: 279 ==
new point: 0.500701, -1.24888, 
points delta: 5.15463e-05
value: -6.4375

== Iter: 280 ==
new point: 0.500671, -1.24888, 
points delta: 3.06867e-05
value: -6.4375

== Iter: 281 ==
new point: 0.500671, -1.24893, 
points delta: 4.92836e-05
value: -6.4375

== Iter: 282 ==
new point: 0.500641, -1.24893, 
points delta: 2.9346e-05
value: -6.4375

== Iter: 283 ==
new point: 0.500641, -1.24897, 
points delta: 4.71204e-05
value: -6.4375

== Iter: 284 ==
new point: 0.500613, -1.24897, 
points delta: 2.80637e-05
value: -6.4375

== Iter: 285 ==
new point: 0.500613, -1.24902, 
points delta: 4.50524e-05
value: -6.4375

== Iter: 286 ==
new point: 0.500587, -1.24902, 
points delta: 2.68373e-05
value: -6.4375

== Iter: 287 ==
new point: 0.500587, -1.24906, 
points delta: 4.30753e-05
value: -6.4375

== Iter: 288 ==
new point: 0.500561, -1.24906, 
points delta: 2.56644e-05
value: -6.4375

== Iter: 289 ==
new point: 0.500561, -1.2491, 
points delta: 4.11851e-05
value: -6.4375

== Iter: 290 ==
new point: 0.500536, -1.2491, 
points delta: 2.45426e-05
value: -6.4375

== Iter: 291 ==
new point: 0.500536, -1.24914, 
points delta: 3.9378e-05
value: -6.4375

== Iter: 292 ==
new point: 0.500513, -1.24914, 
points delta: 2.34698e-05
value: -6.4375

== Iter: 293 ==
new point: 0.500513, -1.24918, 
points delta: 3.76503e-05
value: -6.4375

== Iter: 294 ==
new point: 0.50049, -1.24918, 
points delta: 2.24438e-05
value: -6.4375

== Iter: 295 ==
new point: 0.50049, -1.24921, 
points delta: 3.59985e-05
value: -6.4375

== Iter: 296 ==
new point: 0.500469, -1.24921, 
points delta: 2.14625e-05
value: -6.4375

== Iter: 297 ==
new point: 0.500469, -1.24925, 
points delta: 3.44193e-05
value: -6.4375

== Iter: 298 ==
new point: 0.500448, -1.24925, 
points delta: 2.05241e-05
value: -6.4375

== Iter: 299 ==
new point: 0.500448, -1.24928, 
points delta: 3.29095e-05
value: -6.4375

== Iter: 300 ==
new point: 0.500429, -1.24928, 
points delta: 1.96266e-05
value: -6.4375

== Iter: 301 ==
new point: 0.500429, -1.24931, 
points delta: 3.1466e-05
value: -6.4375

== Iter: 302 ==
new point: 0.50041, -1.24931, 
points delta: 1.87683e-05
value: -6.4375

== Iter: 303 ==
new point: 0.50041, -1.24934, 
points delta: 3.00859e-05
value: -6.4375

== Iter: 304 ==
new point: 0.500392, -1.24934, 
points delta: 1.79475e-05
value: -6.4375

== Iter: 305 ==
new point: 0.500392, -1.24937, 
points delta: 2.87663e-05
value: -6.4375

== Iter: 306 ==
new point: 0.500375, -1.24937, 
points delta: 1.71625e-05
value: -6.4375

== Iter: 307 ==
new point: 0.500375, -1.2494, 
points delta: 2.75048e-05
value: -6.4375

== Iter: 308 ==
new point: 0.500359, -1.2494, 
points delta: 1.64118e-05
value: -6.4375

== Iter: 309 ==
new point: 0.500359, -1.24943, 
points delta: 2.62986e-05
value: -6.4375

== Iter: 310 ==
new point: 0.500343, -1.24943, 
points delta: 1.56939e-05
value: -6.4375

== Iter: 311 ==
new point: 0.500343, -1.24945, 
points delta: 2.51454e-05
value: -6.4375

== Iter: 312 ==
new point: 0.500328, -1.24945, 
points delta: 1.50074e-05
value: -6.4375

== Iter: 313 ==
new point: 0.500328, -1.24948, 
points delta: 2.40428e-05
value: -6.4375

== Iter: 314 ==
new point: 0.500313, -1.24948, 
points delta: 1.43508e-05
value: -6.4375

== Iter: 315 ==
new point: 0.500313, -1.2495, 
points delta: 2.29886e-05
value: -6.4375

== Iter: 316 ==
new point: 0.5003, -1.2495, 
points delta: 1.3723e-05
value: -6.4375

== Iter: 317 ==
new point: 0.5003, -1.24952, 
points delta: 2.19806e-05
value: -6.4375

== Iter: 318 ==
new point: 0.500287, -1.24952, 
points delta: 1.31225e-05
value: -6.4375

== Iter: 319 ==
new point: 0.500287, -1.24954, 
points delta: 2.10169e-05
value: -6.4375

== Iter: 320 ==
new point: 0.500274, -1.24954, 
points delta: 1.25484e-05
value: -6.4375

== Iter: 321 ==
new point: 0.500274, -1.24956, 
points delta: 2.00955e-05
value: -6.4375

== Iter: 322 ==
new point: 0.500262, -1.24956, 
points delta: 1.19993e-05
value: -6.4375

== Iter: 323 ==
new point: 0.500262, -1.24958, 
points delta: 1.92145e-05
value: -6.4375

== Iter: 324 ==
new point: 0.500251, -1.24958, 
points delta: 1.14742e-05
value: -6.4375

== Iter: 325 ==
new point: 0.500251, -1.2496, 
points delta: 1.83722e-05
value: -6.4375

== Iter: 326 ==
new point: 0.50024, -1.2496, 
points delta: 1.09721e-05
value: -6.4375

== Iter: 327 ==
new point: 0.50024, -1.24962, 
points delta: 1.75668e-05
value: -6.4375

== Iter: 328 ==
new point: 0.500229, -1.24962, 
points delta: 1.04919e-05
value: -6.4375

== Iter: 329 ==
new point: 0.500229, -1.24963, 
points delta: 1.67967e-05
value: -6.4375

== Iter: 330 ==
new point: 0.500219, -1.24963, 
points delta: 1.00327e-05
value: -6.4375

== Iter: 331 ==
new point: 0.500219, -1.24965, 
points delta: 1.60604e-05
value: -6.4375

== Iter: 332 ==
new point: 0.50021, -1.24965, 
points delta: 9.59361e-06
value: -6.4375

== Iter: 333 ==
new point: 0.50021, -1.24966, 
points delta: 1.53565e-05
value: -6.4375

== Iter: 334 ==
new point: 0.5002, -1.24966, 
points delta: 9.17371e-06
value: -6.4375

== Iter: 335 ==
new point: 0.5002, -1.24968, 
points delta: 1.46834e-05
value: -6.4375

== Iter: 336 ==
new point: 0.500192, -1.24968, 
points delta: 8.77218e-06
value: -6.4375

== Iter: 337 ==
new point: 0.500192, -1.24969, 
points delta: 1.40398e-05
value: -6.4375

== Iter: 338 ==
new point: 0.500183, -1.24969, 
points delta: 8.38821e-06
value: -6.4375

== Iter: 339 ==
new point: 0.500183, -1.24971, 
points delta: 1.34244e-05
value: -6.4375

== Iter: 340 ==
new point: 0.500175, -1.24971, 
points delta: 8.02103e-06
value: -6.4375

== Iter: 341 ==
new point: 0.500175, -1.24972, 
points delta: 1.28361e-05
value: -6.4375

== Iter: 342 ==
new point: 0.500167, -1.24972, 
points delta: 7.66992e-06
value: -6.4375

== Iter: 343 ==
new point: 0.500167, -1.24973, 
points delta: 1.22735e-05
value: -6.4375

== Iter: 344 ==
new point: 0.50016, -1.24973, 
points delta: 7.33416e-06
value: -6.4375

== Iter: 345 ==
new point: 0.50016, -1.24974, 
points delta: 1.17356e-05
value: -6.4375

== Iter: 346 ==
new point: 0.500153, -1.24974, 
points delta: 7.0131e-06
value: -6.4375

== Iter: 347 ==
new point: 0.500153, -1.24976, 
points delta: 1.12213e-05
value: -6.4375

== Iter: 348 ==
new point: 0.500146, -1.24976, 
points delta: 6.70608e-06
value: -6.4375

== Iter: 349 ==
new point: 0.500146, -1.24977, 
points delta: 1.07295e-05
value: -6.4375

== Iter: 350 ==
new point: 0.50014, -1.24977, 
points delta: 6.41249e-06
value: -6.4375

== Iter: 351 ==
new point: 0.50014, -1.24978, 
points delta: 1.02593e-05
value: -6.4375

== Iter: 352 ==
new point: 0.500134, -1.24978, 
points delta: 6.13175e-06
value: -6.4375

== Iter: 353 ==
new point: 0.500134, -1.24979, 
points delta: 9.80972e-06
value: -6.4375

== Iter: 354 ==
new point: 0.500128, -1.24979, 
points delta: 5.8633e-06
value: -6.4375

== Iter: 355 ==
new point: 0.500128, -1.2498, 
points delta: 9.37984e-06
value: -6.4375

== Iter: 356 ==
new point: 0.500122, -1.2498, 
points delta: 5.60659e-06
value: -6.4375

== Iter: 357 ==
new point: 0.500122, -1.2498, 
points delta: 8.96881e-06
value: -6.4375

== Iter: 358 ==
new point: 0.500117, -1.2498, 
points delta: 5.36112e-06
value: -6.4375

== Iter: 359 ==
new point: 0.500117, -1.24981, 
points delta: 8.57579e-06
value: -6.4375

== Iter: 360 ==
new point: 0.500112, -1.24981, 
points delta: 5.12638e-06
value: -6.4375

== Iter: 361 ==
new point: 0.500112, -1.24982, 
points delta: 8.2e-06
value: -6.4375

== Iter: 362 ==
new point: 0.500107, -1.24982, 
points delta: 4.90193e-06
value: -6.4375

== Iter: 363 ==
new point: 0.500107, -1.24983, 
points delta: 7.84069e-06
value: -6.4375

== Iter: 364 ==
new point: 0.500102, -1.24983, 
points delta: 4.68729e-06
value: -6.4375

== Iter: 365 ==
new point: 0.500102, -1.24984, 
points delta: 7.49712e-06
value: -6.4375

== Iter: 366 ==
new point: 0.500098, -1.24984, 
points delta: 4.48205e-06
value: -6.4375

== Iter: 367 ==
new point: 0.500098, -1.24984, 
points delta: 7.16862e-06
value: -6.4375

== Iter: 368 ==
new point: 0.500094, -1.24984, 
points delta: 4.28579e-06
value: -6.4375

== Iter: 369 ==
new point: 0.500094, -1.24985, 
points delta: 6.85451e-06
value: -6.4375

== Iter: 370 ==
new point: 0.500089, -1.24985, 
points delta: 4.09813e-06
value: -6.4375

== Iter: 371 ==
new point: 0.500089, -1.24986, 
points delta: 6.55417e-06
value: -6.4375

== Iter: 372 ==
new point: 0.500086, -1.24986, 
points delta: 3.91868e-06
value: -6.4375

== Iter: 373 ==
new point: 0.500086, -1.24986, 
points delta: 6.26699e-06
value: -6.4375

== Iter: 374 ==
new point: 0.500082, -1.24986, 
points delta: 3.74708e-06
value: -6.4375

== Iter: 375 ==
new point: 0.500082, -1.24987, 
points delta: 5.9924e-06
value: -6.4375

== Iter: 376 ==
new point: 0.500078, -1.24987, 
points delta: 3.58299e-06
value: -6.4375

== Iter: 377 ==
new point: 0.500078, -1.24987, 
points delta: 5.72985e-06
value: -6.4375

== Iter: 378 ==
new point: 0.500075, -1.24987, 
points delta: 3.42609e-06
value: -6.4375

== Iter: 379 ==
new point: 0.500075, -1.24988, 
points delta: 5.4788e-06
value: -6.4375

== Iter: 380 ==
new point: 0.500072, -1.24988, 
points delta: 3.27606e-06
value: -6.4375

== Iter: 381 ==
new point: 0.500072, -1.24989, 
points delta: 5.23875e-06
value: -6.4375

== Iter: 382 ==
new point: 0.500068, -1.24989, 
points delta: 3.13259e-06
value: -6.4375

== Iter: 383 ==
new point: 0.500068, -1.24989, 
points delta: 5.00922e-06
value: -6.4375

== Iter: 384 ==
new point: 0.500065, -1.24989, 
points delta: 2.99541e-06
value: -6.4375

== Iter: 385 ==
new point: 0.500065, -1.2499, 
points delta: 4.78975e-06
value: -6.4375

== Iter: 386 ==
new point: 0.500063, -1.2499, 
points delta: 2.86423e-06
value: -6.4375

== Iter: 387 ==
new point: 0.500063, -1.2499, 
points delta: 4.5799e-06
value: -6.4375

== Iter: 388 ==
new point: 0.50006, -1.2499, 
points delta: 2.7388e-06
value: -6.4375

== Iter: 389 ==
new point: 0.50006, -1.2499, 
points delta: 4.37924e-06
value: -6.4375

== Iter: 390 ==
new point: 0.500057, -1.2499, 
points delta: 2.61886e-06
value: -6.4375

== Iter: 391 ==
new point: 0.500057, -1.24991, 
points delta: 4.18738e-06
value: -6.4375

== Iter: 392 ==
new point: 0.500055, -1.24991, 
points delta: 2.50417e-06
value: -6.4375

== Iter: 393 ==
new point: 0.500055, -1.24991, 
points delta: 4.00392e-06
value: -6.4375

== Iter: 394 ==
new point: 0.500052, -1.24991, 
points delta: 2.3945e-06
value: -6.4375

== Iter: 395 ==
new point: 0.500052, -1.24992, 
points delta: 3.8285e-06
value: -6.4375

== Iter: 396 ==
new point: 0.50005, -1.24992, 
points delta: 2.28963e-06
value: -6.4375

== Iter: 397 ==
new point: 0.50005, -1.24992, 
points delta: 3.66077e-06
value: -6.4375

== Iter: 398 ==
new point: 0.500048, -1.24992, 
points delta: 2.18935e-06
value: -6.4375

== Iter: 399 ==
new point: 0.500048, -1.24992, 
points delta: 3.50039e-06
value: -6.4375

== Iter: 400 ==
new point: 0.500046, -1.24992, 
points delta: 2.09347e-06
value: -6.4375

== Iter: 401 ==
new point: 0.500046, -1.24993, 
points delta: 3.34704e-06
value: -6.4375

== Iter: 402 ==
new point: 0.500044, -1.24993, 
points delta: 2.00178e-06
value: -6.4375

== Iter: 403 ==
new point: 0.500044, -1.24993, 
points delta: 3.20041e-06
value: -6.4375

== Iter: 404 ==
new point: 0.500042, -1.24993, 
points delta: 1.91411e-06
value: -6.4375

== Iter: 405 ==
new point: 0.500042, -1.24993, 
points delta: 3.0602e-06
value: -6.4375

== Iter: 406 ==
new point: 0.50004, -1.24993, 
points delta: 1.83028e-06
value: -6.4375

== Iter: 407 ==
new point: 0.50004, -1.24994, 
points delta: 2.92613e-06
value: -6.4375

== Iter: 408 ==
new point: 0.500038, -1.24994, 
points delta: 1.75012e-06
value: -6.4375

== Iter: 409 ==
new point: 0.500038, -1.24994, 
points delta: 2.79794e-06
value: -6.4375

== Iter: 410 ==
new point: 0.500037, -1.24994, 
points delta: 1.67347e-06
value: -6.4375

== Iter: 411 ==
new point: 0.500037, -1.24994, 
points delta: 2.67536e-06
value: -6.4375

== Iter: 412 ==
new point: 0.500035, -1.24994, 
points delta: 1.60017e-06
value: -6.4375

== Iter: 413 ==
new point: 0.500035, -1.24994, 
points delta: 2.55816e-06
value: -6.4375

== Iter: 414 ==
new point: 0.500033, -1.24994, 
points delta: 1.53009e-06
value: -6.4375

== Iter: 415 ==
new point: 0.500033, -1.24995, 
points delta: 2.44609e-06
value: -6.4375

== Iter: 416 ==
new point: 0.500032, -1.24995, 
points delta: 1.46307e-06
value: -6.4375

== Iter: 417 ==
new point: 0.500032, -1.24995, 
points delta: 2.33893e-06
value: -6.4375

== Iter: 418 ==
new point: 0.500031, -1.24995, 
points delta: 1.39899e-06
value: -6.4375

== Iter: 419 ==
new point: 0.500031, -1.24995, 
points delta: 2.23646e-06
value: -6.4375

== Iter: 420 ==
new point: 0.500029, -1.24995, 
points delta: 1.33772e-06
value: -6.4375

== Iter: 421 ==
new point: 0.500029, -1.24995, 
points delta: 2.13849e-06
value: -6.4375

== Iter: 422 ==
new point: 0.500028, -1.24995, 
points delta: 1.27913e-06
value: -6.4375

== Iter: 423 ==
new point: 0.500028, -1.24996, 
points delta: 2.04481e-06
value: -6.4375

== Iter: 424 ==
new point: 0.500027, -1.24996, 
points delta: 1.2231e-06
value: -6.4375

== Iter: 425 ==
new point: 0.500027, -1.24996, 
points delta: 1.95523e-06
value: -6.4375

== Iter: 426 ==
new point: 0.500026, -1.24996, 
points delta: 1.16953e-06
value: -6.4375

== Iter: 427 ==
new point: 0.500026, -1.24996, 
points delta: 1.86957e-06
value: -6.4375

== Iter: 428 ==
new point: 0.500024, -1.24996, 
points delta: 1.11831e-06
value: -6.4375

== Iter: 429 ==
new point: 0.500024, -1.24996, 
points delta: 1.78767e-06
value: -6.4375

== Iter: 430 ==
new point: 0.500023, -1.24996, 
points delta: 1.06932e-06
value: -6.4375

== Iter: 431 ==
new point: 0.500023, -1.24996, 
points delta: 1.70936e-06
value: -6.4375

== Iter: 432 ==
new point: 0.500022, -1.24996, 
points delta: 1.02249e-06
value: -6.4375

== Iter: 433 ==
new point: 0.500022, -1.24996, 
points delta: 1.63448e-06
value: -6.4375

== Iter: 434 ==
new point: 0.500021, -1.24996, 
points delta: 9.77703e-07
value: -6.4375

== Iter: 435 ==
new point: 0.500021, -1.24997, 
points delta: 1.56288e-06
value: -6.4375

== Iter: 436 ==
new point: 0.50002, -1.24997, 
points delta: 9.34879e-07
value: -6.4375

== Iter: 437 ==
new point: 0.50002, -1.24997, 
points delta: 1.49441e-06
value: -6.4375

== Iter: 438 ==
new point: 0.50002, -1.24997, 
points delta: 8.93931e-07
value: -6.4375

== Iter: 439 ==
new point: 0.50002, -1.24997, 
points delta: 1.42895e-06
value: -6.4375

== Iter: 440 ==
new point: 0.500019, -1.24997, 
points delta: 8.54776e-07
value: -6.4375

== Iter: 441 ==
new point: 0.500019, -1.24997, 
points delta: 1.36635e-06
value: -6.4375

== Iter: 442 ==
new point: 0.500018, -1.24997, 
points delta: 8.17336e-07
value: -6.4375

== Iter: 443 ==
new point: 0.500018, -1.24997, 
points delta: 1.30649e-06
value: -6.4375

== Iter: 444 ==
new point: 0.500017, -1.24997, 
points delta: 7.81536e-07
value: -6.4375

== Iter: 445 ==
new point: 0.500017, -1.24997, 
points delta: 1.24926e-06
value: -6.4375

== Iter: 446 ==
new point: 0.500016, -1.24997, 
points delta: 7.47304e-07
value: -6.4375

== Iter: 447 ==
new point: 0.500016, -1.24997, 
points delta: 1.19453e-06
value: -6.4375

== Iter: 448 ==
new point: 0.500016, -1.24997, 
points delta: 7.14571e-07
value: -6.4375

== Iter: 449 ==
new point: 0.500016, -1.24998, 
points delta: 1.14221e-06
value: -6.4375

== Iter: 450 ==
new point: 0.500015, -1.24998, 
points delta: 6.83272e-07
value: -6.4375

== Iter: 451 ==
new point: 0.500015, -1.24998, 
points delta: 1.09217e-06
value: -6.4375

== Iter: 452 ==
new point: 0.500014, -1.24998, 
points delta: 6.53343e-07
value: -6.4375

== Iter: 453 ==
new point: 0.500014, -1.24998, 
points delta: 1.04433e-06
value: -6.4375

== Iter: 454 ==
new point: 0.500014, -1.24998, 
points delta: 6.24726e-07
value: -6.4375

== Iter: 455 ==
new point: 0.500014, -1.24998, 
points delta: 9.9858e-07
value: -6.4375

== Iter: 456 ==
new point: 0.500013, -1.24998, 
points delta: 5.97362e-07
value: -6.4375

== Iter: 457 ==
new point: 0.500013, -1.24998, 
points delta: 9.54836e-07
value: -6.4375

== Iter: 458 ==
new point: 0.500012, -1.24998, 
points delta: 5.71196e-07
value: -6.4375

== Iter: 459 ==
new point: 0.500012, -1.24998, 
points delta: 9.13009e-07
value: -6.4375

== Iter: 460 ==
new point: 0.500012, -1.24998, 
points delta: 5.46177e-07
value: -6.4375

== Iter: 461 ==
new point: 0.500012, -1.24998, 
points delta: 8.73014e-07
value: -6.4375

== Iter: 462 ==
new point: 0.500011, -1.24998, 
points delta: 5.22253e-07
value: -6.4375

== Iter: 463 ==
new point: 0.500011, -1.24998, 
points delta: 8.34771e-07
value: -6.4375

== Iter: 464 ==
new point: 0.500011, -1.24998, 
points delta: 4.99377e-07
value: -6.4375

== Iter: 465 ==
new point: 0.500011, -1.24998, 
points delta: 7.98203e-07
value: -6.4375

== Iter: 466 ==
new point: 0.50001, -1.24998, 
points delta: 4.77504e-07
value: -6.4375

== Iter: 467 ==
new point: 0.50001, -1.24998, 
points delta: 7.63237e-07
value: -6.4375

== Iter: 468 ==
new point: 0.50001, -1.24998, 
points delta: 4.56588e-07
value: -6.4375

== Iter: 469 ==
new point: 0.50001, -1.24998, 
points delta: 7.29803e-07
value: -6.4375

== Iter: 470 ==
new point: 0.50001, -1.24998, 
points delta: 4.36588e-07
value: -6.4375

== Iter: 471 ==
new point: 0.50001, -1.24998, 
points delta: 6.97834e-07
value: -6.4375

== Iter: 472 ==
new point: 0.500009, -1.24998, 
points delta: 4.17465e-07
value: -6.4375

== Iter: 473 ==
new point: 0.500009, -1.24999, 
points delta: 6.67265e-07
value: -6.4375

== Iter: 474 ==
new point: 0.500009, -1.24999, 
points delta: 3.99179e-07
value: -6.4375

== Iter: 475 ==
new point: 0.500009, -1.24999, 
points delta: 6.38035e-07
value: -6.4375

== Iter: 476 ==
new point: 0.500008, -1.24999, 
points delta: 3.81693e-07
value: -6.4375

== Iter: 477 ==
new point: 0.500008, -1.24999, 
points delta: 6.10086e-07
value: -6.4375

== Iter: 478 ==
new point: 0.500008, -1.24999, 
points delta: 3.64974e-07
value: -6.4375

== Iter: 479 ==
new point: 0.500008, -1.24999, 
points delta: 5.83361e-07
value: -6.4375

== Iter: 480 ==
new point: 0.500008, -1.24999, 
points delta: 3.48987e-07
value: -6.4375

== Iter: 481 ==
new point: 0.500008, -1.24999, 
points delta: 5.57807e-07
value: -6.4375

== Iter: 482 ==
new point: 0.500007, -1.24999, 
points delta: 3.33701e-07
value: -6.4375

== Iter: 483 ==
new point: 0.500007, -1.24999, 
points delta: 5.33372e-07
value: -6.4375

== Iter: 484 ==
new point: 0.500007, -1.24999, 
points delta: 3.19084e-07
value: -6.4375

== Iter: 485 ==
new point: 0.500007, -1.24999, 
points delta: 5.10008e-07
value: -6.4375

== Iter: 486 ==
new point: 0.500007, -1.24999, 
points delta: 3.05107e-07
value: -6.4375

== Iter: 487 ==
new point: 0.500007, -1.24999, 
points delta: 4.87667e-07
value: -6.4375

== Iter: 488 ==
new point: 0.500006, -1.24999, 
points delta: 2.91742e-07
value: -6.4375

== Iter: 489 ==
new point: 0.500006, -1.24999, 
points delta: 4.66305e-07
value: -6.4375

== Iter: 490 ==
new point: 0.500006, -1.24999, 
points delta: 2.78963e-07
value: -6.4375

== Iter: 491 ==
new point: 0.500006, -1.24999, 
points delta: 4.45878e-07
value: -6.4375

== Iter: 492 ==
new point: 0.500006, -1.24999, 
points delta: 2.66744e-07
value: -6.4375

== Iter: 493 ==
new point: 0.500006, -1.24999, 
points delta: 4.26347e-07
value: -6.4375

== Iter: 494 ==
new point: 0.500006, -1.24999, 
points delta: 2.5506e-07
value: -6.4375

== Iter: 495 ==
new point: 0.500006, -1.24999, 
points delta: 4.07671e-07
value: -6.4375

== Iter: 496 ==
new point: 0.500005, -1.24999, 
points delta: 2.43887e-07
value: -6.4375

== Iter: 497 ==
new point: 0.500005, -1.24999, 
points delta: 3.89813e-07
value: -6.4375

== Iter: 498 ==
new point: 0.500005, -1.24999, 
points delta: 2.33204e-07
value: -6.4375

== Iter: 499 ==
new point: 0.500005, -1.24999, 
points delta: 3.72737e-07
value: -6.4375

== Iter: 500 ==
new point: 0.500005, -1.24999, 
points delta: 2.22989e-07
value: -6.4375

== Iter: 501 ==
new point: 0.500005, -1.24999, 
points delta: 3.56409e-07
value: -6.4375

== Iter: 502 ==
new point: 0.500005, -1.24999, 
points delta: 2.13221e-07
value: -6.4375

== Iter: 503 ==
new point: 0.500005, -1.24999, 
points delta: 3.40797e-07
value: -6.4375

== Iter: 504 ==
new point: 0.500004, -1.24999, 
points delta: 2.03882e-07
value: -6.4375

== Iter: 505 ==
new point: 0.500004, -1.24999, 
points delta: 3.25868e-07
value: -6.4375

== Iter: 506 ==
new point: 0.500004, -1.24999, 
points delta: 1.94951e-07
value: -6.4375

== Iter: 507 ==
new point: 0.500004, -1.24999, 
points delta: 3.11594e-07
value: -6.4375

== Iter: 508 ==
new point: 0.500004, -1.24999, 
points delta: 1.86411e-07
value: -6.4375

== Iter: 509 ==
new point: 0.500004, -1.24999, 
points delta: 2.97945e-07
value: -6.4375

== Iter: 510 ==
new point: 0.500004, -1.24999, 
points delta: 1.78246e-07
value: -6.4375

== Iter: 511 ==
new point: 0.500004, -1.24999, 
points delta: 2.84893e-07
value: -6.4375

== Iter: 512 ==
new point: 0.500004, -1.24999, 
points delta: 1.70438e-07
value: -6.4375

== Iter: 513 ==
new point: 0.500004, -1.24999, 
points delta: 2.72414e-07
value: -6.4375

== Iter: 514 ==
new point: 0.500004, -1.24999, 
points delta: 1.62972e-07
value: -6.4375

== Iter: 515 ==
new point: 0.500004, -1.24999, 
points delta: 2.60481e-07
value: -6.4375

== Iter: 516 ==
new point: 0.500003, -1.24999, 
points delta: 1.55834e-07
value: -6.4375

== Iter: 517 ==
new point: 0.500003, -1.24999, 
points delta: 2.4907e-07
value: -6.4375

== Iter: 518 ==
new point: 0.500003, -1.24999, 
points delta: 1.49008e-07
value: -6.4375

== Iter: 519 ==
new point: 0.500003, -1.24999, 
points delta: 2.3816e-07
value: -6.4375

== Iter: 520 ==
new point: 0.500003, -1.24999, 
points delta: 1.42481e-07
value: -6.4375

== Iter: 521 ==
new point: 0.500003, -1.25, 
points delta: 2.27727e-07
value: -6.4375

== Iter: 522 ==
new point: 0.500003, -1.25, 
points delta: 1.36239e-07
value: -6.4375

== Iter: 523 ==
new point: 0.500003, -1.25, 
points delta: 2.17752e-07
value: -6.4375

== Iter: 524 ==
new point: 0.500003, -1.25, 
points delta: 1.30272e-07
value: -6.4375

== Iter: 525 ==
new point: 0.500003, -1.25, 
points delta: 2.08213e-07
value: -6.4375

== Iter: 526 ==
new point: 0.500003, -1.25, 
points delta: 1.24565e-07
value: -6.4375

== Iter: 527 ==
new point: 0.500003, -1.25, 
points delta: 1.99093e-07
value: -6.4375

== Iter: 528 ==
new point: 0.500003, -1.25, 
points delta: 1.19109e-07
value: -6.4375

== Iter: 529 ==
new point: 0.500003, -1.25, 
points delta: 1.90372e-07
value: -6.4375

== Iter: 530 ==
new point: 0.500002, -1.25, 
points delta: 1.13891e-07
value: -6.4375

== Iter: 531 ==
new point: 0.500002, -1.25, 
points delta: 1.82033e-07
value: -6.4375

== Iter: 532 ==
new point: 0.500002, -1.25, 
points delta: 1.08903e-07
value: -6.4375

== Iter: 533 ==
new point: 0.500002, -1.25, 
points delta: 1.74059e-07
value: -6.4375

== Iter: 534 ==
new point: 0.500002, -1.25, 
points delta: 1.04132e-07
value: -6.4375

== Iter: 535 ==
new point: 0.500002, -1.25, 
points delta: 1.66434e-07
value: -6.4375

== Iter: 536 ==
new point: 0.500002, -1.25, 
points delta: 9.95709e-08
value: -6.4375

== Iter: 537 ==
new point: 0.500002, -1.25, 
points delta: 1.59144e-07
value: -6.4375

== Iter: 538 ==
new point: 0.500002, -1.25, 
points delta: 9.52093e-08
value: -6.4375

== Iter: 539 ==
new point: 0.500002, -1.25, 
points delta: 1.52172e-07
value: -6.4375

== Iter: 540 ==
new point: 0.500002, -1.25, 
points delta: 9.10388e-08
value: -6.4375

== Iter: 541 ==
new point: 0.500002, -1.25, 
points delta: 1.45507e-07
value: -6.4375

== Iter: 542 ==
new point: 0.500002, -1.25, 
points delta: 8.70509e-08
value: -6.4375

== Iter: 543 ==
new point: 0.500002, -1.25, 
points delta: 1.39133e-07
value: -6.4375

== Iter: 544 ==
new point: 0.500002, -1.25, 
points delta: 8.32378e-08
value: -6.4375

== Iter: 545 ==
new point: 0.500002, -1.25, 
points delta: 1.33038e-07
value: -6.4375

== Iter: 546 ==
new point: 0.500002, -1.25, 
points delta: 7.95917e-08
value: -6.4375

== Iter: 547 ==
new point: 0.500002, -1.25, 
points delta: 1.27211e-07
value: -6.4375

== Iter: 548 ==
new point: 0.500002, -1.25, 
points delta: 7.61052e-08
value: -6.4375

== Iter: 549 ==
new point: 0.500002, -1.25, 
points delta: 1.21638e-07
value: -6.4375

== Iter: 550 ==
new point: 0.500002, -1.25, 
points delta: 7.27715e-08
value: -6.4375

== Iter: 551 ==
new point: 0.500002, -1.25, 
points delta: 1.1631e-07
value: -6.4375

== Iter: 552 ==
new point: 0.500002, -1.25, 
points delta: 6.95839e-08
value: -6.4375

== Iter: 553 ==
new point: 0.500002, -1.25, 
points delta: 1.11215e-07
value: -6.4375

== Iter: 554 ==
new point: 0.500001, -1.25, 
points delta: 6.65358e-08
value: -6.4375

== Iter: 555 ==
new point: 0.500001, -1.25, 
points delta: 1.06343e-07
value: -6.4375

== Iter: 556 ==
new point: 0.500001, -1.25, 
points delta: 6.36213e-08
value: -6.4375

== Iter: 557 ==
new point: 0.500001, -1.25, 
points delta: 1.01685e-07
value: -6.4375

== Iter: 558 ==
new point: 0.500001, -1.25, 
points delta: 6.08345e-08
value: -6.4375

== Iter: 559 ==
new point: 0.500001, -1.25, 
points delta: 9.72308e-08
value: -6.4375

== Iter: 560 ==
new point: 0.500001, -1.25, 
points delta: 5.81697e-08
value: -6.4375

== Iter: 561 ==
new point: 0.500001, -1.25, 
points delta: 9.29717e-08
value: -6.4375

== Iter: 562 ==
new point: 0.500001, -1.25, 
points delta: 5.56216e-08
value: -6.4375

== Iter: 563 ==
new point: 0.500001, -1.25, 
points delta: 8.88991e-08
value: -6.4375

== Iter: 564 ==
new point: 0.500001, -1.25, 
points delta: 5.31852e-08
value: -6.4375

== Iter: 565 ==
new point: 0.500001, -1.25, 
points delta: 8.5005e-08
value: -6.4375

== Iter: 566 ==
new point: 0.500001, -1.25, 
points delta: 5.08555e-08
value: -6.4375

== Iter: 567 ==
new point: 0.500001, -1.25, 
points delta: 8.12814e-08
value: -6.4375

== Iter: 568 ==
new point: 0.500001, -1.25, 
points delta: 4.86278e-08
value: -6.4375

== Iter: 569 ==
new point: 0.500001, -1.25, 
points delta: 7.77209e-08
value: -6.4375

== Iter: 570 ==
new point: 0.500001, -1.25, 
points delta: 4.64977e-08
value: -6.4375

== Iter: 571 ==
new point: 0.500001, -1.25, 
points delta: 7.43164e-08
value: -6.4375

== Iter: 572 ==
new point: 0.500001, -1.25, 
points delta: 4.44609e-08
value: -6.4375

== Iter: 573 ==
new point: 0.500001, -1.25, 
points delta: 7.1061e-08
value: -6.4375

== Iter: 574 ==
new point: 0.500001, -1.25, 
points delta: 4.25134e-08
value: -6.4375

== Iter: 575 ==
new point: 0.500001, -1.25, 
points delta: 6.79483e-08
value: -6.4375

== Iter: 576 ==
new point: 0.500001, -1.25, 
points delta: 4.06511e-08
value: -6.4375

== Iter: 577 ==
new point: 0.500001, -1.25, 
points delta: 6.49718e-08
value: -6.4375

== Iter: 578 ==
new point: 0.500001, -1.25, 
points delta: 3.88704e-08
value: -6.4375

== Iter: 579 ==
new point: 0.500001, -1.25, 
points delta: 6.21258e-08
value: -6.4375

== Iter: 580 ==
new point: 0.500001, -1.25, 
points delta: 3.71678e-08
value: -6.4375

== Iter: 581 ==
new point: 0.500001, -1.25, 
points delta: 5.94044e-08
value: -6.4375

== Iter: 582 ==
new point: 0.500001, -1.25, 
points delta: 3.55397e-08
value: -6.4375

== Iter: 583 ==
new point: 0.500001, -1.25, 
points delta: 5.68023e-08
value: -6.4375

== Iter: 584 ==
new point: 0.500001, -1.25, 
points delta: 3.39829e-08
value: -6.4375

== Iter: 585 ==
new point: 0.500001, -1.25, 
points delta: 5.43141e-08
value: -6.4375

== Iter: 586 ==
new point: 0.500001, -1.25, 
points delta: 3.24943e-08
value: -6.4375

== Iter: 587 ==
new point: 0.500001, -1.25, 
points delta: 5.19349e-08
value: -6.4375

== Iter: 588 ==
new point: 0.500001, -1.25, 
points delta: 3.10709e-08
value: -6.4375

== Iter: 589 ==
new point: 0.500001, -1.25, 
points delta: 4.96599e-08
value: -6.4375

== Iter: 590 ==
new point: 0.500001, -1.25, 
points delta: 2.97099e-08
value: -6.4375

== Iter: 591 ==
new point: 0.500001, -1.25, 
points delta: 4.74846e-08
value: -6.4375

== Iter: 592 ==
new point: 0.500001, -1.25, 
points delta: 2.84085e-08
value: -6.4375

== Iter: 593 ==
new point: 0.500001, -1.25, 
points delta: 4.54046e-08
value: -6.4375

== Iter: 594 ==
new point: 0.500001, -1.25, 
points delta: 2.71641e-08
value: -6.4375

== Iter: 595 ==
new point: 0.500001, -1.25, 
points delta: 4.34157e-08
value: -6.4375

== Iter: 596 ==
new point: 0.500001, -1.25, 
points delta: 2.59742e-08
value: -6.4375

== Iter: 597 ==
new point: 0.500001, -1.25, 
points delta: 4.15139e-08
value: -6.4375

== Iter: 598 ==
new point: 0.500001, -1.25, 
points delta: 2.48364e-08
value: -6.4375

== Iter: 599 ==
new point: 0.500001, -1.25, 
points delta: 3.96954e-08
value: -6.4375

== Iter: 600 ==
new point: 0.500001, -1.25, 
points delta: 2.37485e-08
value: -6.4375

== Iter: 601 ==
new point: 0.500001, -1.25, 
points delta: 3.79566e-08
value: -6.4375

== Iter: 602 ==
new point: 0.5, -1.25, 
points delta: 2.27082e-08
value: -6.4375

== Iter: 603 ==
new point: 0.5, -1.25, 
points delta: 3.62939e-08
value: -6.4375

== Iter: 604 ==
new point: 0.5, -1.25, 
points delta: 2.17135e-08
value: -6.4375

== Iter: 605 ==
new point: 0.5, -1.25, 
points delta: 3.47041e-08
value: -6.4375

== Iter: 606 ==
new point: 0.5, -1.25, 
points delta: 2.07623e-08
value: -6.4375

== Iter: 607 ==
new point: 0.5, -1.25, 
points delta: 3.31839e-08
value: -6.4375

== Iter: 608 ==
new point: 0.5, -1.25, 
points delta: 1.98529e-08
value: -6.4375

== Iter: 609 ==
new point: 0.5, -1.25, 
points delta: 3.17303e-08
value: -6.4375

== Iter: 610 ==
new point: 0.5, -1.25, 
points delta: 1.89832e-08
value: -6.4375

== Iter: 611 ==
new point: 0.5, -1.25, 
points delta: 3.03404e-08
value: -6.4375

== Iter: 612 ==
new point: 0.5, -1.25, 
points delta: 1.81517e-08
value: -6.4375

== Iter: 613 ==
new point: 0.5, -1.25, 
points delta: 2.90114e-08
value: -6.4375

== Iter: 614 ==
new point: 0.5, -1.25, 
points delta: 1.73566e-08
value: -6.4375

== Iter: 615 ==
new point: 0.5, -1.25, 
points delta: 2.77406e-08
value: -6.4375

== Iter: 616 ==
new point: 0.5, -1.25, 
points delta: 1.65963e-08
value: -6.4375

== Iter: 617 ==
new point: 0.5, -1.25, 
points delta: 2.65254e-08
value: -6.4375

== Iter: 618 ==
new point: 0.5, -1.25, 
points delta: 1.58693e-08
value: -6.4375

== Iter: 619 ==
new point: 0.5, -1.25, 
points delta: 2.53635e-08
value: -6.4375

== Iter: 620 ==
new point: 0.5, -1.25, 
points delta: 1.51742e-08
value: -6.4375

== Iter: 621 ==
new point: 0.5, -1.25, 
points delta: 2.42525e-08
value: -6.4375

== Iter: 622 ==
new point: 0.5, -1.25, 
points delta: 1.45095e-08
value: -6.4375

== Iter: 623 ==
new point: 0.5, -1.25, 
points delta: 2.31901e-08
value: -6.4375

== Iter: 624 ==
new point: 0.5, -1.25, 
points delta: 1.38739e-08
value: -6.4375

== Iter: 625 ==
new point: 0.5, -1.25, 
points delta: 2.21743e-08
value: -6.4375

== Iter: 626 ==
new point: 0.5, -1.25, 
points delta: 1.32662e-08
value: -6.4375

== Iter: 627 ==
new point: 0.5, -1.25, 
points delta: 2.1203e-08
value: -6.4375

== Iter: 628 ==
new point: 0.5, -1.25, 
points delta: 1.26851e-08
value: -6.4375

== Iter: 629 ==
new point: 0.5, -1.25, 
points delta: 2.02742e-08
value: -6.4375

== Iter: 630 ==
new point: 0.5, -1.25, 
points delta: 1.21294e-08
value: -6.4375

== Iter: 631 ==
new point: 0.5, -1.25, 
points delta: 1.93861e-08
value: -6.4375

== Iter: 632 ==
new point: 0.5, -1.25, 
points delta: 1.15981e-08
value: -6.4375

== Iter: 633 ==
new point: 0.5, -1.25, 
points delta: 1.85369e-08
value: -6.4375

== Iter: 634 ==
new point: 0.5, -1.25, 
points delta: 1.109e-08
value: -6.4375

== Iter: 635 ==
new point: 0.5, -1.25, 
points delta: 1.77249e-08
value: -6.4375

== Iter: 636 ==
new point: 0.5, -1.25, 
points delta: 1.06043e-08
value: -6.4375

== Iter: 637 ==
new point: 0.5, -1.25, 
points delta: 1.69485e-08
value: -6.4375

== Iter: 638 ==
new point: 0.5, -1.25, 
points delta: 1.01397e-08
value: -6.4375

== Iter: 639 ==
new point: 0.5, -1.25, 
points delta: 1.62061e-08
value: -6.4375

== Iter: 640 ==
new point: 0.5, -1.25, 
points delta: 9.69558e-09
value: -6.4375

== Iter: 641 ==
new point: 0.5, -1.25, 
points delta: 1.54962e-08
value: -6.4375

== Iter: 642 ==
new point: 0.5, -1.25, 
points delta: 9.27088e-09
value: -6.4375

== Iter: 643 ==
new point: 0.5, -1.25, 
points delta: 1.48174e-08
value: -6.4375

== Iter: 644 ==
new point: 0.5, -1.25, 
points delta: 8.86478e-09
value: -6.4375

== Iter: 645 ==
new point: 0.5, -1.25, 
points delta: 1.41683e-08
value: -6.4375

== Iter: 646 ==
new point: 0.5, -1.25, 
points delta: 8.47646e-09
value: -6.4375

== Iter: 647 ==
new point: 0.5, -1.25, 
points delta: 1.35477e-08
value: -6.4375

== Iter: 648 ==
new point: 0.5, -1.25, 
points delta: 8.10516e-09
value: -6.4375

== Iter: 649 ==
new point: 0.5, -1.25, 
points delta: 1.29542e-08
value: -6.4375

== Iter: 650 ==
new point: 0.5, -1.25, 
points delta: 7.75012e-09
value: -6.4375

== Iter: 651 ==
new point: 0.5, -1.25, 
points delta: 1.23868e-08
value: -6.4375

== Iter: 652 ==
new point: 0.5, -1.25, 
points delta: 7.41063e-09
value: -6.4375

== Iter: 653 ==
new point: 0.5, -1.25, 
points delta: 1.18442e-08
value: -6.4375

== Iter: 654 ==
new point: 0.5, -1.25, 
points delta: 7.08602e-09
value: -6.4375

== Iter: 655 ==
new point: 0.5, -1.25, 
points delta: 1.13254e-08
value: -6.4375

== Iter: 656 ==
new point: 0.5, -1.25, 
points delta: 6.77562e-09
value: -6.4375

== Iter: 657 ==
new point: 0.5, -1.25, 
points delta: 1.08293e-08
value: -6.4375

== Iter: 658 ==
new point: 0.5, -1.25, 
points delta: 6.47882e-09
value: -6.4375

== Iter: 659 ==
new point: 0.5, -1.25, 
points delta: 1.03549e-08
value: -6.4375

== Iter: 660 ==
new point: 0.5, -1.25, 
points delta: 6.19502e-09
value: -6.4375

== Iter: 661 ==
new point: 0.5, -1.25, 
points delta: 9.90133e-09
value: -6.4375

== Iter: 662 ==
new point: 0.5, -1.25, 
points delta: 5.92366e-09
value: -6.4375

== Iter: 663 ==
new point: 0.5, -1.25, 
points delta: 9.46761e-09
value: -6.4375

== Iter: 664 ==
new point: 0.5, -1.25, 
points delta: 5.66418e-09
value: -6.4375

== Iter: 665 ==
new point: 0.5, -1.25, 
points delta: 9.05289e-09
value: -6.4375

== Iter: 666 ==
new point: 0.5, -1.25, 
points delta: 5.41606e-09
value: -6.4375

== Iter: 667 ==
new point: 0.5, -1.25, 
points delta: 8.65634e-09
value: -6.4375

== Iter: 668 ==
new point: 0.5, -1.25, 
points delta: 5.17882e-09
value: -6.4375

== Iter: 669 ==
new point: 0.5, -1.25, 
points delta: 8.27715e-09
value: -6.4375

== Iter: 670 ==
new point: 0.5, -1.25, 
points delta: 4.95196e-09
value: -6.4375

== Iter: 671 ==
new point: 0.5, -1.25, 
points delta: 7.91458e-09
value: -6.4375
