Начало оптимизации
Целевая функция: -4 - 2X0 + X0^3 + 3X1 - X0*X1 + X1^2
Градиент: -2 + 3X0^2 - X1, 3 - X0 + 2X1, 
Целевая функция: -4 - 2X0 + X0^3 + 3X1 - X0*X1 + X1^2
Максимальный шаг: 1
Погрешность: 8.67362e-19

=== Итерация 1 ===
Текущая точка: (0, 0)
Значение функции: -4
Градиент в точке: (-2, 3)

Поиск оптимального шага методом Ньютона:
	Метод золотого сечения:
	Начальный интервал: [0, 1]
	Найденный оптимальный шаг: 0.5
Начальное приближение шага: 0.5
Текущий шаг: 0.351852, delta: 0.148148
Текущий шаг: 0.340618, delta: 0.011234
Итоговый оптимальный шаг: 0.340618
Проверка критериев остановки:
Норма разности точек: 1.228115e+00
Норма градиента: 4.971269e-01
Разность значений функции: 2.371575e+00

=== Итерация 2 ===
Текущая точка: (0.681236, -1.02185)
Значение функции: -6.37157
Градиент в точке: (0.4141, 0.275057)

Поиск оптимального шага методом Ньютона:
	Метод золотого сечения:
	Начальный интервал: [0, 1]
	Найденный оптимальный шаг: 0.5
Начальное приближение шага: 0.5
Текущий шаг: 0.471279, delta: 0.0287211
Итоговый оптимальный шаг: 0.471279
Проверка критериев остановки:
Норма разности точек: 2.342854e-01
Норма градиента: 2.530186e-01
Разность значений функции: 5.455983e-02

=== Итерация 3 ===
Текущая точка: (0.486079, -1.15148)
Значение функции: -6.42613
Градиент в точке: (-0.139699, 0.210956)

Поиск оптимального шага методом Ньютона:
	Метод золотого сечения:
	Начальный интервал: [0, 1]
	Найденный оптимальный шаг: 0.5
Начальное приближение шага: 0.5
Текущий шаг: 0.310094, delta: 0.189906
Текущий шаг: 0.308689, delta: 0.00140505
Итоговый оптимальный шаг: 0.308689
Проверка критериев остановки:
Норма разности точек: 7.810407e-02
Норма градиента: 6.808754e-02
Разность значений функции: 9.920988e-03

=== Итерация 4 ===
Текущая точка: (0.529203, -1.2166)
Значение функции: -6.43606
Градиент в точке: (0.0567686, 0.0375931)

Поиск оптимального шага методом Ньютона:
	Метод золотого сечения:
	Начальный интервал: [0, 1]
	Найденный оптимальный шаг: 0.5
Начальное приближение шага: 0.5
Текущий шаг: 0.545819, delta: -0.0458191
Текущий шаг: 0.54596, delta: -0.000140656
Итоговый оптимальный шаг: 0.54596
Проверка критериев остановки:
Норма разности точек: 3.717305e-02
Норма градиента: 3.302853e-02
Разность значений функции: 1.250625e-03

=== Итерация 5 ===
Текущая точка: (0.498209, -1.23713)
Значение функции: -6.43731
Градиент в точке: (-0.018236, 0.0275378)

Поиск оптимального шага методом Ньютона:
	Метод золотого сечения:
	Начальный интервал: [0, 1]
	Найденный оптимальный шаг: 0.5
Начальное приближение шага: 0.5
Текущий шаг: 0.310031, delta: 0.189969
Текущий шаг: 0.309845, delta: 0.000186185
Итоговый оптимальный шаг: 0.309845
Проверка критериев остановки:
Норма разности точек: 1.023372e-02
Норма градиента: 8.734562e-03
Разность значений функции: 1.690926e-04

=== Итерация 6 ===
Текущая точка: (0.50386, -1.24566)
Значение функции: -6.43748
Градиент в точке: (0.00728252, 0.0048226)

Поиск оптимального шага методом Ньютона:
	Метод золотого сечения:
	Начальный интервал: [0, 1]
	Найденный оптимальный шаг: 0.5
Начальное приближение шага: 0.5
Текущий шаг: 0.561121, delta: -0.0611207
Текущий шаг: 0.561153, delta: -3.19907e-05
Итоговый оптимальный шаг: 0.561153
Проверка критериев остановки:
Норма разности точек: 4.901423e-03
Норма градиента: 4.193988e-03
Разность значений функции: 2.137177e-05

=== Итерация 7 ===
Текущая точка: (0.499773, -1.24837)
Значение функции: -6.4375
Градиент в точке: (-0.00231562, 0.00349678)

Поиск оптимального шага методом Ньютона:
	Метод золотого сечения:
	Начальный интервал: [0, 1]
	Найденный оптимальный шаг: 0.5
Начальное приближение шага: 0.5
Текущий шаг: 0.310027, delta: 0.189973
Текущий шаг: 0.310003, delta: 2.36881e-05
Итоговый оптимальный шаг: 0.310003
Проверка критериев остановки:
Норма разности точек: 1.300151e-03
Норма градиента: 1.106448e-03
Разность значений функции: 2.726593e-06

=== Итерация 8 ===
Текущая точка: (0.500491, -1.24945)
Значение функции: -6.4375
Градиент в точке: (0.000922511, 0.000610901)

Поиск оптимального шага методом Ньютона:
	Метод золотого сечения:
	Начальный интервал: [0, 1]
	Найденный оптимальный шаг: 0.5
Начальное приближение шага: 0.5
Текущий шаг: 0.563238, delta: -0.0632382
Текущий шаг: 0.563243, delta: -4.33804e-06
Итоговый оптимальный шаг: 0.563243
Проверка критериев остановки:
Норма разности точек: 6.231985e-04
Норма градиента: 5.305220e-04
Разность значений функции: 3.446982e-07

=== Итерация 9 ===
Текущая точка: (0.499971, -1.24979)
Значение функции: -6.4375
Градиент в точке: (-0.000292916, 0.000442328)

Поиск оптимального шага методом Ньютона:
	Метод золотого сечения:
	Начальный интервал: [0, 1]
	Найденный оптимальный шаг: 0.5
Начальное приближение шага: 0.5
Текущий шаг: 0.310027, delta: 0.189973
Текущий шаг: 0.310024, delta: 2.99351e-06
Итоговый оптимальный шаг: 0.310024
Проверка критериев остановки:
Норма разности точек: 1.644744e-04
Норма градиента: 1.399178e-04
Разность значений функции: 4.362902e-08

=== Итерация 10 ===
Текущая точка: (0.500062, -1.24993)
Значение функции: -6.4375
Градиент в точке: (0.000116658, 7.72526e-05)

Поиск оптимального шага методом Ньютона:
	Метод золотого сечения:
	Начальный интервал: [0, 1]
	Найденный оптимальный шаг: 0.5
Начальное приближение шага: 0.5
Текущий шаг: 0.563509, delta: -0.0635093
Текущий шаг: 0.56351, delta: -5.24135e-07
Итоговый оптимальный шаг: 0.56351
Проверка критериев остановки:
Норма разности точек: 7.884507e-05
Норма градиента: 6.707598e-05
Разность значений функции: 5.515773e-09

=== Итерация 11 ===
Текущая точка: (0.499996, -1.24997)
Значение функции: -6.4375
Градиент в точке: (-3.70346e-05, 5.59252e-05)

Поиск оптимального шага методом Ньютона:
	Метод золотого сечения:
	Начальный интервал: [0, 1]
	Найденный оптимальный шаг: 0.5
Начальное приближение шага: 0.5
Текущий шаг: 0.310027, delta: 0.189973
Текущий шаг: 0.310026, delta: 7.3442e-07
Итоговый оптимальный шаг: 0.310026
Проверка критериев остановки:
Норма разности точек: 2.079531e-05
Норма градиента: 1.768966e-05
Разность значений функции: 6.974341e-10

=== Итерация 12 ===
Текущая точка: (0.500008, -1.24999)
Значение функции: -6.4375
Градиент в точке: (1.47489e-05, 9.76696e-06)

Поиск оптимального шага методом Ньютона:
	Метод золотого сечения:
	Начальный интервал: [0, 1]
	Найденный оптимальный шаг: 0.5
Начальное приближение шага: 0.5
Текущий шаг: 0.563549, delta: -0.0635487
Текущий шаг: 0.563544, delta: 5.19858e-06
Итоговый оптимальный шаг: 0.563544
Проверка критериев остановки:
Норма разности точек: 9.968894e-06
Норма градиента: 8.480149e-06
Разность значений функции: 8.817302e-11

=== Итерация 13 ===
Текущая точка: (0.5, -1.25)
Значение функции: -6.4375
Градиент в точке: (-4.68213e-06, 7.0704e-06)

Поиск оптимального шага методом Ньютона:
	Метод золотого сечения:
	Начальный интервал: [0, 1]
	Найденный оптимальный шаг: 0.5
Начальное приближение шага: 0.5
Текущий шаг: 0.310026, delta: 0.189974
Текущий шаг: 0.310027, delta: -1.43593e-06
Итоговый оптимальный шаг: 0.310027
Проверка критериев остановки:
Норма разности точек: 2.629078e-06
Норма градиента: 2.236429e-06
Разность значений функции: 1.114753e-11

=== Итерация 14 ===
Текущая точка: (0.500001, -1.25)
Значение функции: -6.4375
Градиент в точке: (1.86465e-06, 1.23478e-06)

Поиск оптимального шага методом Ньютона:
	Метод золотого сечения:
	Начальный интервал: [0, 1]
	Найденный оптимальный шаг: 0.5
Начальное приближение шага: 0.5
Текущий шаг: 0.563144, delta: -0.0631445
Текущий шаг: 0.562869, delta: 0.000274973
Итоговый оптимальный шаг: 0.562869
Проверка критериев остановки:
Норма разности точек: 1.258818e-06
Норма градиента: 1.070836e-06
Разность значений функции: 1.411316e-12

=== Итерация 15 ===
Текущая точка: (0.5, -1.25)
Значение функции: -6.4375
Градиент в точке: (-5.89001e-07, 8.94298e-07)

Поиск оптимального шага методом Ньютона:
	Метод золотого сечения:
	Начальный интервал: [0, 1]
	Найденный оптимальный шаг: 0.5
Начальное приближение шага: 0.5
Текущий шаг: 0.309802, delta: 0.190198
Текущий шаг: 0.310826, delta: -0.0010236
Итоговый оптимальный шаг: 0.310826
Проверка критериев остановки:
Норма разности точек: 3.328436e-07
Норма градиента: 2.843430e-07
Разность значений функции: 1.767475e-13

=== Итерация 16 ===
Текущая точка: (0.5, -1.25)
Значение функции: -6.4375
Градиент в точке: (2.382e-07, 1.55279e-07)

Поиск оптимального шага методом Ньютона:
	Метод золотого сечения:
	Начальный интервал: [0, 1]
	Найденный оптимальный шаг: 0.5
Начальное приближение шага: 0.5
Текущий шаг: 0.583333, delta: -0.0833333
Текущий шаг: 0.604034, delta: -0.0207006
Итоговый оптимальный шаг: 0.604034
Проверка критериев остановки:
Норма разности точек: 1.717528e-07
Норма градиента: 1.495938e-07
Разность значений функции: 2.220446e-14

=== Итерация 17 ===
Текущая точка: (0.5, -1.25)
Значение функции: -6.4375
Градиент в точке: (-9.96489e-08, 1.11572e-07)

Поиск оптимального шага методом Ньютона:
	Метод золотого сечения:
	Начальный интервал: [0, 1]
	Найденный оптимальный шаг: 0.5
Начальное приближение шага: 0.5
Текущий шаг: 0.293956, delta: 0.206044
Текущий шаг: 0.329044, delta: -0.0350877
Текущий шаг: 0.283464, delta: 0.0455801
Текущий шаг: 0.265907, delta: 0.0175562
Итоговый оптимальный шаг: 0.265907
Проверка критериев остановки:
Норма разности точек: 3.977810e-08
Норма градиента: 2.744020e-08
Разность значений функции: 3.552714e-15

=== Итерация 18 ===
Текущая точка: (0.5, -1.25)
Значение функции: -6.4375
Градиент в точке: (9.51118e-09, 2.57391e-08)

Поиск оптимального шага методом Ньютона:
	Метод золотого сечения:
	Начальный интервал: [0, 1]
	Найденный оптимальный шаг: 0.5
Начальное приближение шага: 0.5
Текущий шаг: 0.45, delta: 0.05
Текущий шаг: 1.1, delta: -0.65
Достигнут максимальный размер шага
Итоговый оптимальный шаг: 1
Проверка критериев остановки:
Норма разности точек: 2.744020e-08
Норма градиента: 1.756305e-08
Разность значений функции: 8.881784e-16

=== Итерация 19 ===
Текущая точка: (0.5, -1.25)
Значение функции: -6.4375
Градиент в точке: (6.71676e-09, -1.62279e-08)

Поиск оптимального шага методом Ньютона:
	Метод золотого сечения:
	Начальный интервал: [0, 1]
	Найденный оптимальный шаг: 0.5
Начальное приближение шага: 0.5
Текущий шаг: -0.416667, delta: 0.916667
Текущий шаг: 0.833333, delta: -1.25
Текущий шаг: 1.08333, delta: -0.25
Достигнут максимальный размер шага
Итоговый оптимальный шаг: 1
Проверка критериев остановки:
Норма разности точек: 1.756305e-08
Норма градиента: 3.750014e-08
Разность значений функции: 8.881784e-16

=== Итерация 20 ===
Текущая точка: (0.5, -1.25)
Значение функции: -6.4375
Градиент в точке: (-2.96614e-08, 2.29447e-08)

Поиск оптимального шага методом Ньютона:
	Метод золотого сечения:
	Начальный интервал: [0, 1]
	Найденный оптимальный шаг: 0.5
Начальное приближение шага: 0.5
Текущий шаг: 0.25, delta: 0.25
Текущий шаг: 0.291667, delta: -0.0416667
Текущий шаг: 0.307292, delta: -0.015625
Итоговый оптимальный шаг: 0.307292
Проверка критериев остановки:
Норма разности точек: 1.152348e-08
Норма градиента: 4.741188e-09
Разность значений функции: 8.881784e-16

=== Итерация 21 ===
Текущая точка: (0.5, -1.25)
Значение функции: -6.4375
Градиент в точке: (4.73341e-09, -2.71449e-10)

Поиск оптимального шага методом Ньютона:
	Метод золотого сечения:
	Начальный интервал: [0, 1]
	Найденный оптимальный шаг: 0.5
Начальное приближение шага: 0.5
Текущий шаг: 0.25, delta: 0.25
Текущий шаг: 0.125, delta: 0.125
Текущий шаг: 0.633929, delta: -0.508929
Текущий шаг: -1.36607, delta: 2
Текущий шаг: -0.766071, delta: -0.6
Текущий шаг: -0.416071, delta: -0.35
Текущий шаг: -0.999405, delta: 0.583333
Текущий шаг: -0.249405, delta: -0.75
Текущий шаг: -4.3744, delta: 4.125
Текущий шаг: 2.6256, delta: -7
Достигнут максимальный размер шага
Итоговый оптимальный шаг: 1
Проверка критериев остановки:
Норма разности точек: 4.741188e-09
Норма градиента: 1.094909e-08
Разность значений функции: 8.881784e-16

=== Итерация 22 ===
Текущая точка: (0.5, -1.25)
Значение функции: -6.4375
Градиент в точке: (-9.73827e-09, 5.00486e-09)

Поиск оптимального шага методом Ньютона:
	Метод золотого сечения:
	Начальный интервал: [0, 1]
	Найденный оптимальный шаг: 0.5
Начальное приближение шага: 0.5
Текущий шаг: 1.10714, delta: -0.607143
Достигнут максимальный размер шага
Итоговый оптимальный шаг: 1
Проверка критериев остановки:
Норма разности точек: 1.094909e-08
Норма градиента: 2.857795e-08
Разность значений функции: 8.881784e-16

=== Итерация 23 ===
Текущая точка: (0.5, -1.25)
Значение функции: -6.4375
Градиент в точке: (2.44814e-08, -1.47431e-08)

Поиск оптимального шага методом Ньютона:
	Метод золотого сечения:
	Начальный интервал: [0, 1]
	Найденный оптимальный шаг: 0.5
Начальное приближение шага: 0.5
Текущий шаг: 0.416667, delta: 0.0833333
Текущий шаг: 0.25, delta: 0.166667
Текущий шаг: 0.375, delta: -0.125
Текущий шаг: 0.125, delta: 0.25
Текущий шаг: 0.369318, delta: -0.244318
Текущий шаг: 1.03003, delta: -0.660714
Достигнут максимальный размер шага
Итоговый оптимальный шаг: 1
Проверка критериев остановки:
Норма разности точек: 2.857795e-08
Норма градиента: 7.481317e-08
Разность значений функции: 2.664535e-15

=== Итерация 24 ===
Текущая точка: (0.5, -1.25)
Значение функции: -6.4375
Градиент в точке: (-6.37059e-08, 3.92245e-08)

Поиск оптимального шага методом Ньютона:
	Метод золотого сечения:
	Начальный интервал: [0, 1]
	Найденный оптимальный шаг: 0.5
Начальное приближение шага: 0.5
Текущий шаг: -0.15, delta: 0.65
Текущий шаг: 0.233333, delta: -0.383333
Текущий шаг: 0.170833, delta: 0.0625
Текущий шаг: 0.231439, delta: -0.0606061
Текущий шаг: 0.252868, delta: -0.0214286
Итоговый оптимальный шаг: 0.252868
Проверка критериев остановки:
Норма разности точек: 1.891785e-08
Норма градиента: 6.368249e-09
Разность значений функции: 1.776357e-15

=== Итерация 25 ===
Текущая точка: (0.5, -1.25)
Значение функции: -6.4375
Градиент в точке: (-5.45974e-09, 3.27809e-09)

Поиск оптимального шага методом Ньютона:
	Метод золотого сечения:
	Начальный интервал: [0, 1]
	Найденный оптимальный шаг: 0.5
Начальное приближение шага: 0.5
Текущий шаг: 0.25, delta: 0.25
Текущий шаг: -0.732143, delta: 0.982143
Текущий шаг: -1.73214, delta: 1
Текущий шаг: -2.73214, delta: 1
Текущий шаг: -3.73214, delta: 1
Текущий шаг: -6.39881, delta: 2.66667
Текущий шаг: -5.73214, delta: -0.666667
Текущий шаг: -5.98214, delta: 0.25
Текущий шаг: -17.9821, delta: 12
Текущий шаг: -4.64881, delta: -13.3333
Текущий шаг: -12.6488, delta: 8
Текущий шаг: 3.35119, delta: -16
Достигнут максимальный размер шага
Итоговый оптимальный шаг: 1
Проверка критериев остановки:
Норма разности точек: 6.368249e-09
Норма градиента: 1.667094e-08
Разность значений функции: 0.000000e+00

Оптимизация завершена!
Найден минимум в точке: (0.5, -1.25)
Значение функции в минимуме: -6.4375
Общее количество итераций: 25
