Function:
-4 - 2X0 + X0^3 + 3X1 - X0*X1 + X1^2
EPSILON: 8.67362e-19
STEP: 0.03125

== Iter: 1 ==
new point: 0, -0.09375, 
points delta: 0.09375
value: -4.27246

== Iter: 2 ==
new point: 0.0595703, -0.09375, 
points delta: 0.0595703
value: -4.38581

== Iter: 3 ==
new point: 0.0595703, -0.179779, 
points delta: 0.0860291
value: -4.61524

== Iter: 4 ==
new point: 0.0595703, -0.260431, 
points delta: 0.0806522
value: -4.81688

== Iter: 5 ==
new point: 0.113599, -0.260431, 
points delta: 0.0540288
value: -4.90962

== Iter: 6 ==
new point: 0.113599, -0.334354, 
points delta: 0.0739231
value: -5.07902

== Iter: 7 ==
new point: 0.164441, -0.334354, 
points delta: 0.0508416
value: -5.16072

== Iter: 8 ==
new point: 0.164441, -0.402068, 
points delta: 0.0677141
value: -5.30286

== Iter: 9 ==
new point: 0.211841, -0.402068, 
points delta: 0.0474003
value: -5.37355

== Iter: 10 ==
new point: 0.257569, -0.402068, 
points delta: 0.0457282
value: -5.43904

== Iter: 11 ==
new point: 0.301285, -0.402068, 
points delta: 0.0437158
value: -5.49863

== Iter: 12 ==
new point: 0.34271, -0.402068, 
points delta: 0.0414254
value: -5.55192

== Iter: 13 ==
new point: 0.34271, -0.459979, 
points delta: 0.057911
value: -5.65589

== Iter: 14 ==
new point: 0.34271, -0.514271, 
points delta: 0.0542916
value: -5.74726

== Iter: 15 ==
new point: 0.378129, -0.514271, 
points delta: 0.035418
value: -5.78607

== Iter: 16 ==
new point: 0.378129, -0.564063, 
points delta: 0.0497915
value: -5.86292

== Iter: 17 ==
new point: 0.409597, -0.564063, 
points delta: 0.0314686
value: -5.89346

== Iter: 18 ==
new point: 0.409597, -0.609759, 
points delta: 0.0456962
value: -5.95819

== Iter: 19 ==
new point: 0.437314, -0.609759, 
points delta: 0.0277166
value: -5.98181

== Iter: 20 ==
new point: 0.46283, -0.609759, 
points delta: 0.025516
value: -6.00177

== Iter: 21 ==
new point: 0.486192, -0.609759, 
points delta: 0.0233627
value: -6.01847

== Iter: 22 ==
new point: 0.507477, -0.609759, 
points delta: 0.0212841
value: -6.03229

== Iter: 23 ==
new point: 0.507477, -0.64954, 
points delta: 0.0397814
value: -6.08135

== Iter: 24 ==
new point: 0.525535, -0.64954, 
points delta: 0.0180582
value: -6.09129

== Iter: 25 ==
new point: 0.541844, -0.64954, 
points delta: 0.0163094
value: -6.09937

== Iter: 26 ==
new point: 0.556521, -0.64954, 
points delta: 0.0146773
value: -6.10591

== Iter: 27 ==
new point: 0.556521, -0.685303, 
points delta: 0.0357624
value: -6.14556

== Iter: 28 ==
new point: 0.556521, -0.71883, 
points delta: 0.0335273
value: -6.18041

== Iter: 29 ==
new point: 0.556521, -0.750262, 
points delta: 0.0314318
value: -6.21104

== Iter: 30 ==
new point: 0.556521, -0.779729, 
points delta: 0.0294673
value: -6.23795

== Iter: 31 ==
new point: 0.565619, -0.779729, 
points delta: 0.00909758
value: -6.24046

== Iter: 32 ==
new point: 0.565619, -0.80707, 
points delta: 0.0273413
value: -6.26364

== Iter: 33 ==
new point: 0.572905, -0.80707, 
points delta: 0.00728609
value: -6.26525

== Iter: 34 ==
new point: 0.572905, -0.832475, 
points delta: 0.0254048
value: -6.28525

== Iter: 35 ==
new point: 0.57862, -0.832475, 
points delta: 0.0057145
value: -6.28624

== Iter: 36 ==
new point: 0.583717, -0.832475, 
points delta: 0.00509759
value: -6.28703

== Iter: 37 ==
new point: 0.583717, -0.855954, 
points delta: 0.0234791
value: -6.30412

== Iter: 38 ==
new point: 0.587526, -0.855954, 
points delta: 0.00380839
value: -6.30456

== Iter: 39 ==
new point: 0.587526, -0.877847, 
points delta: 0.0218927
value: -6.31941

== Iter: 40 ==
new point: 0.587526, -0.898371, 
points delta: 0.0205244
value: -6.33247

== Iter: 41 ==
new point: 0.587526, -0.917613, 
points delta: 0.0192416
value: -6.34395

== Iter: 42 ==
new point: 0.588989, -0.917613, 
points delta: 0.00146338
value: -6.34401

== Iter: 43 ==
new point: 0.588989, -0.935606, 
points delta: 0.0179933
value: -6.35405

== Iter: 44 ==
new point: 0.589729, -0.935606, 
points delta: 0.000739678
value: -6.35407

== Iter: 45 ==
new point: 0.589729, -0.952452, 
points delta: 0.0168456
value: -6.36286

== Iter: 46 ==
new point: 0.589729, -0.968245, 
points delta: 0.0157927
value: -6.3706

== Iter: 47 ==
new point: 0.589729, -0.98305, 
points delta: 0.0148057
value: -6.37739

== Iter: 48 ==
new point: 0.588904, -0.98305, 
points delta: 0.000824685
value: -6.37741

== Iter: 49 ==
new point: 0.58817, -0.98305, 
points delta: 0.00073356
value: -6.37743

== Iter: 50 ==
new point: 0.587518, -0.98305, 
points delta: 0.000652611
value: -6.37744

== Iter: 51 ==
new point: 0.586937, -0.98305, 
points delta: 0.00058068
value: -6.37745

== Iter: 52 ==
new point: 0.58642, -0.98305, 
points delta: 0.000516744
value: -6.37746

== Iter: 53 ==
new point: 0.58596, -0.98305, 
points delta: 0.000459901
value: -6.37747

== Iter: 54 ==
new point: 0.58596, -0.997048, 
points delta: 0.0139981
value: -6.38354

== Iter: 55 ==
new point: 0.585114, -0.997048, 
points delta: 0.000846793
value: -6.38356

== Iter: 56 ==
new point: 0.58436, -0.997048, 
points delta: 0.000753825
value: -6.38358

== Iter: 57 ==
new point: 0.583689, -0.997048, 
points delta: 0.000671177
value: -6.38359

== Iter: 58 ==
new point: 0.583689, -1.01024, 
points delta: 0.0131942
value: -6.38899

== Iter: 59 ==
new point: 0.583689, -1.02261, 
points delta: 0.0123696
value: -6.39373

== Iter: 60 ==
new point: 0.583689, -1.03421, 
points delta: 0.0115965
value: -6.3979

== Iter: 61 ==
new point: 0.583689, -1.04508, 
points delta: 0.0108717
value: -6.40157

== Iter: 62 ==
new point: 0.583689, -1.05527, 
points delta: 0.0101922
value: -6.40479

== Iter: 63 ==
new point: 0.581271, -1.05527, 
points delta: 0.00241718
value: -6.40496

== Iter: 64 ==
new point: 0.581271, -1.0649, 
points delta: 0.00963073
value: -6.40784

== Iter: 65 ==
new point: 0.581271, -1.07393, 
points delta: 0.00902881
value: -6.41037

== Iter: 66 ==
new point: 0.581271, -1.0824, 
points delta: 0.00846451
value: -6.41259

== Iter: 67 ==
new point: 0.581271, -1.09033, 
points delta: 0.00793548
value: -6.41454

== Iter: 68 ==
new point: 0.578023, -1.09033, 
points delta: 0.0032488
value: -6.41486

== Iter: 69 ==
new point: 0.578023, -1.09787, 
points delta: 0.00754104
value: -6.41662

== Iter: 70 ==
new point: 0.574891, -1.09787, 
points delta: 0.00313137
value: -6.41692

== Iter: 71 ==
new point: 0.574891, -1.10504, 
points delta: 0.00716758
value: -6.41851

== Iter: 72 ==
new point: 0.571874, -1.10504, 
points delta: 0.0030169
value: -6.41879

== Iter: 73 ==
new point: 0.569182, -1.10504, 
points delta: 0.00269255
value: -6.41901

== Iter: 74 ==
new point: 0.566777, -1.10504, 
points delta: 0.00240452
value: -6.41918

== Iter: 75 ==
new point: 0.564629, -1.10504, 
points delta: 0.00214845
value: -6.41932

== Iter: 76 ==
new point: 0.562708, -1.10504, 
points delta: 0.00192056
value: -6.41943

== Iter: 77 ==
new point: 0.562708, -1.11214, 
points delta: 0.00710032
value: -6.42099

== Iter: 78 ==
new point: 0.560769, -1.11214, 
points delta: 0.00193947
value: -6.42111

== Iter: 79 ==
new point: 0.559034, -1.11214, 
points delta: 0.00173519
value: -6.4212

== Iter: 80 ==
new point: 0.559034, -1.11891, 
points delta: 0.00677138
value: -6.42262

== Iter: 81 ==
new point: 0.557269, -1.11891, 
points delta: 0.00176463
value: -6.42272

== Iter: 82 ==
new point: 0.555689, -1.11891, 
points delta: 0.00157996
value: -6.42279

== Iter: 83 ==
new point: 0.555689, -1.12537, 
points delta: 0.00645269
value: -6.42408

== Iter: 84 ==
new point: 0.554072, -1.12537, 
points delta: 0.00161675
value: -6.42416

== Iter: 85 ==
new point: 0.554072, -1.13147, 
points delta: 0.00609992
value: -6.42532

== Iter: 86 ==
new point: 0.554072, -1.13718, 
points delta: 0.00571868
value: -6.42633

== Iter: 87 ==
new point: 0.554072, -1.14254, 
points delta: 0.00536126
value: -6.42722

== Iter: 88 ==
new point: 0.554072, -1.14757, 
points delta: 0.00502618
value: -6.428

== Iter: 89 ==
new point: 0.554072, -1.15228, 
points delta: 0.00471204
value: -6.42869

== Iter: 90 ==
new point: 0.551783, -1.15228, 
points delta: 0.00228974
value: -6.42885

== Iter: 91 ==
new point: 0.551783, -1.15677, 
points delta: 0.0044891
value: -6.42948

== Iter: 92 ==
new point: 0.54959, -1.15677, 
points delta: 0.00219263
value: -6.42962

== Iter: 93 ==
new point: 0.547624, -1.15677, 
points delta: 0.00196624
value: -6.42974

== Iter: 94 ==
new point: 0.547624, -1.16111, 
points delta: 0.00433849
value: -6.43032

== Iter: 95 ==
new point: 0.547624, -1.16518, 
points delta: 0.00406734
value: -6.43083

== Iter: 96 ==
new point: 0.547624, -1.16899, 
points delta: 0.00381313
value: -6.43129

== Iter: 97 ==
new point: 0.545478, -1.16899, 
points delta: 0.00214582
value: -6.43143

== Iter: 98 ==
new point: 0.543552, -1.16899, 
points delta: 0.00192592
value: -6.43154

== Iter: 99 ==
new point: 0.543552, -1.17269, 
points delta: 0.00370205
value: -6.43196

== Iter: 100 ==
new point: 0.541707, -1.17269, 
points delta: 0.00184498
value: -6.43207

== Iter: 101 ==
new point: 0.54005, -1.17269, 
points delta: 0.00165727
value: -6.43215

== Iter: 102 ==
new point: 0.538561, -1.17269, 
points delta: 0.0014892
value: -6.43222

== Iter: 103 ==
new point: 0.537222, -1.17269, 
points delta: 0.00133861
value: -6.43227

== Iter: 104 ==
new point: 0.537222, -1.17636, 
points delta: 0.00366849
value: -6.43269

== Iter: 105 ==
new point: 0.535904, -1.17636, 
points delta: 0.00131825
value: -6.43274

== Iter: 106 ==
new point: 0.535904, -1.17984, 
points delta: 0.0034804
value: -6.43312

== Iter: 107 ==
new point: 0.535904, -1.18311, 
points delta: 0.00326288
value: -6.43345

== Iter: 108 ==
new point: 0.535904, -1.18616, 
points delta: 0.00305895
value: -6.43374

== Iter: 109 ==
new point: 0.535904, -1.18903, 
points delta: 0.00286776
value: -6.43399

== Iter: 110 ==
new point: 0.535904, -1.19172, 
points delta: 0.00268853
value: -6.43422

== Iter: 111 ==
new point: 0.534238, -1.19172, 
points delta: 0.00166558
value: -6.4343

== Iter: 112 ==
new point: 0.534238, -1.19429, 
points delta: 0.00257254
value: -6.43451

== Iter: 113 ==
new point: 0.534238, -1.1967, 
points delta: 0.00241176
value: -6.43469

== Iter: 114 ==
new point: 0.534238, -1.19897, 
points delta: 0.00226102
value: -6.43484

== Iter: 115 ==
new point: 0.534238, -1.20109, 
points delta: 0.00211971
value: -6.43498

== Iter: 116 ==
new point: 0.532447, -1.20109, 
points delta: 0.00179113
value: -6.43508

== Iter: 117 ==
new point: 0.530835, -1.20109, 
points delta: 0.00161202
value: -6.43516

== Iter: 118 ==
new point: 0.529384, -1.20109, 
points delta: 0.00145133
value: -6.43522

== Iter: 119 ==
new point: 0.528077, -1.20109, 
points delta: 0.00130707
value: -6.43528

== Iter: 120 ==
new point: 0.528077, -1.20327, 
points delta: 0.00217978
value: -6.43542

== Iter: 121 ==
new point: 0.528077, -1.20531, 
points delta: 0.00204354
value: -6.43555

== Iter: 122 ==
new point: 0.528077, -1.20722, 
points delta: 0.00191582
value: -6.43567

== Iter: 123 ==
new point: 0.528077, -1.20902, 
points delta: 0.00179608
value: -6.43577

== Iter: 124 ==
new point: 0.528077, -1.2107, 
points delta: 0.00168383
value: -6.43585

== Iter: 125 ==
new point: 0.526598, -1.2107, 
points delta: 0.00147809
value: -6.43592

== Iter: 126 ==
new point: 0.525266, -1.2107, 
points delta: 0.00133194
value: -6.43597

== Iter: 127 ==
new point: 0.524066, -1.2107, 
points delta: 0.00120059
value: -6.43602

== Iter: 128 ==
new point: 0.524066, -1.21241, 
points delta: 0.00170392
value: -6.43611

== Iter: 129 ==
new point: 0.52293, -1.21241, 
points delta: 0.00113573
value: -6.43615

== Iter: 130 ==
new point: 0.52293, -1.21404, 
points delta: 0.00163292
value: -6.43623

== Iter: 131 ==
new point: 0.52293, -1.21557, 
points delta: 0.00153086
value: -6.4363

== Iter: 132 ==
new point: 0.52293, -1.21701, 
points delta: 0.00143518
value: -6.43637

== Iter: 133 ==
new point: 0.52293, -1.21835, 
points delta: 0.00134548
value: -6.43642

== Iter: 134 ==
new point: 0.52293, -1.21961, 
points delta: 0.00126139
value: -6.43647

== Iter: 135 ==
new point: 0.521681, -1.21961, 
points delta: 0.00124944
value: -6.43652

== Iter: 136 ==
new point: 0.521681, -1.22084, 
points delta: 0.0012216
value: -6.43657

== Iter: 137 ==
new point: 0.520515, -1.22084, 
points delta: 0.00116525
value: -6.43661

== Iter: 138 ==
new point: 0.520515, -1.22202, 
points delta: 0.00118166
value: -6.43665

== Iter: 139 ==
new point: 0.519427, -1.22202, 
points delta: 0.00108833
value: -6.43669

== Iter: 140 ==
new point: 0.519427, -1.22316, 
points delta: 0.00114182
value: -6.43673

== Iter: 141 ==
new point: 0.518409, -1.22316, 
points delta: 0.0010179
value: -6.43676

== Iter: 142 ==
new point: 0.51749, -1.22316, 
points delta: 0.000918863
value: -6.43678

== Iter: 143 ==
new point: 0.516661, -1.22316, 
points delta: 0.000829627
value: -6.43681

== Iter: 144 ==
new point: 0.516661, -1.22432, 
points delta: 0.0011569
value: -6.43685

== Iter: 145 ==
new point: 0.516661, -1.2254, 
points delta: 0.0010846
value: -6.43688

== Iter: 146 ==
new point: 0.515842, -1.2254, 
points delta: 0.00081924
value: -6.4369

== Iter: 147 ==
new point: 0.515842, -1.22644, 
points delta: 0.00104241
value: -6.43694

== Iter: 148 ==
new point: 0.515842, -1.22742, 
points delta: 0.00097726
value: -6.43697

== Iter: 149 ==
new point: 0.515038, -1.22742, 
points delta: 0.000803055
value: -6.43699

== Iter: 150 ==
new point: 0.515038, -1.22836, 
points delta: 0.000941277
value: -6.43701

== Iter: 151 ==
new point: 0.515038, -1.22924, 
points delta: 0.000882447
value: -6.43704

== Iter: 152 ==
new point: 0.515038, -1.23007, 
points delta: 0.000827294
value: -6.43706

== Iter: 153 ==
new point: 0.51423, -1.23007, 
points delta: 0.000808288
value: -6.43708

== Iter: 154 ==
new point: 0.5135, -1.23007, 
points delta: 0.000730293
value: -6.4371

== Iter: 155 ==
new point: 0.51284, -1.23007, 
points delta: 0.00065993
value: -6.43711

== Iter: 156 ==
new point: 0.51284, -1.23092, 
points delta: 0.000844292
value: -6.43713

== Iter: 157 ==
new point: 0.51284, -1.23171, 
points delta: 0.000791523
value: -6.43715

== Iter: 158 ==
new point: 0.512192, -1.23171, 
points delta: 0.000647551
value: -6.43716

== Iter: 159 ==
new point: 0.511607, -1.23171, 
points delta: 0.000585323
value: -6.43717

== Iter: 160 ==
new point: 0.511607, -1.23249, 
points delta: 0.00078058
value: -6.43719

== Iter: 161 ==
new point: 0.511607, -1.23322, 
points delta: 0.000731794
value: -6.43721

== Iter: 162 ==
new point: 0.511607, -1.23391, 
points delta: 0.000686057
value: -6.43722

== Iter: 163 ==
new point: 0.511009, -1.23391, 
points delta: 0.000597844
value: -6.43724

== Iter: 164 ==
new point: 0.510469, -1.23391, 
points delta: 0.000540529
value: -6.43724

== Iter: 165 ==
new point: 0.50998, -1.23391, 
points delta: 0.000488766
value: -6.43725

== Iter: 166 ==
new point: 0.509538, -1.23391, 
points delta: 0.000442007
value: -6.43726

== Iter: 167 ==
new point: 0.509538, -1.23461, 
points delta: 0.000707839
value: -6.43727

== Iter: 168 ==
new point: 0.509538, -1.23528, 
points delta: 0.000663599
value: -6.43729

== Iter: 169 ==
new point: 0.509538, -1.2359, 
points delta: 0.000622124
value: -6.4373

== Iter: 170 ==
new point: 0.509538, -1.23648, 
points delta: 0.000583242
value: -6.43731

== Iter: 171 ==
new point: 0.509058, -1.23648, 
points delta: 0.000480285
value: -6.43732

== Iter: 172 ==
new point: 0.509058, -1.23704, 
points delta: 0.000561798
value: -6.43733

== Iter: 173 ==
new point: 0.509058, -1.23757, 
points delta: 0.000526686
value: -6.43733

== Iter: 174 ==
new point: 0.509058, -1.23806, 
points delta: 0.000493768
value: -6.43734

== Iter: 175 ==
new point: 0.508574, -1.23806, 
points delta: 0.000483867
value: -6.43735

== Iter: 176 ==
new point: 0.508136, -1.23806, 
points delta: 0.000437704
value: -6.43735

== Iter: 177 ==
new point: 0.508136, -1.23856, 
points delta: 0.000491706
value: -6.43736

== Iter: 178 ==
new point: 0.507725, -1.23856, 
points delta: 0.00041135
value: -6.43737

== Iter: 179 ==
new point: 0.507353, -1.23856, 
points delta: 0.000372174
value: -6.43737

== Iter: 180 ==
new point: 0.507353, -1.23904, 
points delta: 0.00048546
value: -6.43738

== Iter: 181 ==
new point: 0.507353, -1.2395, 
points delta: 0.000455119
value: -6.43739

== Iter: 182 ==
new point: 0.507353, -1.23992, 
points delta: 0.000426674
value: -6.43739

== Iter: 183 ==
new point: 0.507353, -1.24032, 
points delta: 0.000400007
value: -6.4374

== Iter: 184 ==
new point: 0.506961, -1.24032, 
points delta: 0.000391983
value: -6.4374

== Iter: 185 ==
new point: 0.506961, -1.24071, 
points delta: 0.000387256
value: -6.43741

== Iter: 186 ==
new point: 0.506961, -1.24107, 
points delta: 0.000363052
value: -6.43741

== Iter: 187 ==
new point: 0.506961, -1.24141, 
points delta: 0.000340361
value: -6.43741

== Iter: 188 ==
new point: 0.506572, -1.24141, 
points delta: 0.000388792
value: -6.43742

== Iter: 189 ==
new point: 0.50622, -1.24141, 
points delta: 0.00035185
value: -6.43742

== Iter: 190 ==
new point: 0.50622, -1.24176, 
points delta: 0.000342234
value: -6.43743

== Iter: 191 ==
new point: 0.505891, -1.24176, 
points delta: 0.000329137
value: -6.43743

== Iter: 192 ==
new point: 0.505891, -1.24209, 
points delta: 0.00033113
value: -6.43743

== Iter: 193 ==
new point: 0.505583, -1.24209, 
points delta: 0.000308254
value: -6.43743

== Iter: 194 ==
new point: 0.505304, -1.24209, 
points delta: 0.000279024
value: -6.43744

== Iter: 195 ==
new point: 0.505051, -1.24209, 
points delta: 0.000252581
value: -6.43744

== Iter: 196 ==
new point: 0.504822, -1.24209, 
points delta: 0.000228656
value: -6.43744

== Iter: 197 ==
new point: 0.504822, -1.24243, 
points delta: 0.000343825
value: -6.43744

== Iter: 198 ==
new point: 0.504822, -1.24275, 
points delta: 0.000322336
value: -6.43745

== Iter: 199 ==
new point: 0.504822, -1.24306, 
points delta: 0.00030219
value: -6.43745

== Iter: 200 ==
new point: 0.504585, -1.24306, 
points delta: 0.000237269
value: -6.43745

== Iter: 201 ==
new point: 0.504585, -1.24335, 
points delta: 0.000290718
value: -6.43745

== Iter: 202 ==
new point: 0.504361, -1.24335, 
points delta: 0.000223901
value: -6.43746

== Iter: 203 ==
new point: 0.504158, -1.24335, 
points delta: 0.000202722
value: -6.43746

== Iter: 204 ==
new point: 0.503975, -1.24335, 
points delta: 0.000183555
value: -6.43746

== Iter: 205 ==
new point: 0.503975, -1.24364, 
points delta: 0.000291616
value: -6.43746

== Iter: 206 ==
new point: 0.5038, -1.24364, 
points delta: 0.00017532
value: -6.43746

== Iter: 207 ==
new point: 0.5038, -1.24392, 
points delta: 0.000278869
value: -6.43746

== Iter: 208 ==
new point: 0.503632, -1.24392, 
points delta: 0.00016747
value: -6.43747

== Iter: 209 ==
new point: 0.50348, -1.24392, 
points delta: 0.000151653
value: -6.43747

== Iter: 210 ==
new point: 0.50348, -1.24419, 
points delta: 0.000271412
value: -6.43747

== Iter: 211 ==
new point: 0.50348, -1.24444, 
points delta: 0.000254449
value: -6.43747

== Iter: 212 ==
new point: 0.503327, -1.24444, 
points delta: 0.000153768
value: -6.43747

== Iter: 213 ==
new point: 0.503187, -1.24444, 
points delta: 0.000139254
value: -6.43747

== Iter: 214 ==
new point: 0.503061, -1.24444, 
points delta: 0.000126114
value: -6.43747

== Iter: 215 ==
new point: 0.502947, -1.24444, 
points delta: 0.000114217
value: -6.43747

== Iter: 216 ==
new point: 0.502947, -1.2447, 
points delta: 0.000255213
value: -6.43747

== Iter: 217 ==
new point: 0.502836, -1.2447, 
points delta: 0.00011142
value: -6.43747

== Iter: 218 ==
new point: 0.502836, -1.24494, 
points delta: 0.000242744
value: -6.43748

== Iter: 219 ==
new point: 0.502727, -1.24494, 
points delta: 0.0001085
value: -6.43748

== Iter: 220 ==
new point: 0.502629, -1.24494, 
points delta: 9.82714e-05
value: -6.43748

== Iter: 221 ==
new point: 0.50254, -1.24494, 
points delta: 8.90091e-05
value: -6.43748

== Iter: 222 ==
new point: 0.502459, -1.24494, 
points delta: 8.06214e-05
value: -6.43748

== Iter: 223 ==
new point: 0.502459, -1.24518, 
points delta: 0.000239335
value: -6.43748

== Iter: 224 ==
new point: 0.502379, -1.24518, 
points delta: 8.05046e-05
value: -6.43748

== Iter: 225 ==
new point: 0.502306, -1.24518, 
points delta: 7.29207e-05
value: -6.43748

== Iter: 226 ==
new point: 0.502306, -1.24541, 
points delta: 0.000229171
value: -6.43748

== Iter: 227 ==
new point: 0.502233, -1.24541, 
points delta: 7.3214e-05
value: -6.43748

== Iter: 228 ==
new point: 0.502233, -1.24563, 
points delta: 0.000217136
value: -6.43748

== Iter: 229 ==
new point: 0.502233, -1.24583, 
points delta: 0.000203565
value: -6.43748

== Iter: 230 ==
new point: 0.502153, -1.24583, 
points delta: 7.94659e-05
value: -6.43748

== Iter: 231 ==
new point: 0.502081, -1.24583, 
points delta: 7.19833e-05
value: -6.43748

== Iter: 232 ==
new point: 0.502016, -1.24583, 
points delta: 6.52063e-05
value: -6.43748

== Iter: 233 ==
new point: 0.501957, -1.24583, 
points delta: 5.90682e-05
value: -6.43749

== Iter: 234 ==
new point: 0.501903, -1.24583, 
points delta: 5.35085e-05
value: -6.43749

== Iter: 235 ==
new point: 0.501855, -1.24583, 
points delta: 4.84728e-05
value: -6.43749

== Iter: 236 ==
new point: 0.501855, -1.24603, 
points delta: 0.000202645
value: -6.43749

== Iter: 237 ==
new point: 0.501805, -1.24603, 
points delta: 5.0244e-05
value: -6.43749

== Iter: 238 ==
new point: 0.501805, -1.24622, 
points delta: 0.00019155
value: -6.43749

== Iter: 239 ==
new point: 0.501805, -1.2464, 
points delta: 0.000179578
value: -6.43749

== Iter: 240 ==
new point: 0.501805, -1.24657, 
points delta: 0.000168355
value: -6.43749

== Iter: 241 ==
new point: 0.501742, -1.24657, 
points delta: 6.23753e-05
value: -6.43749

== Iter: 242 ==
new point: 0.501686, -1.24657, 
points delta: 5.65068e-05
value: -6.43749

== Iter: 243 ==
new point: 0.501686, -1.24673, 
points delta: 0.000161548
value: -6.43749

== Iter: 244 ==
new point: 0.50163, -1.24673, 
points delta: 5.62395e-05
value: -6.43749

== Iter: 245 ==
new point: 0.50163, -1.24689, 
points delta: 0.000153208
value: -6.43749

== Iter: 246 ==
new point: 0.50163, -1.24703, 
points delta: 0.000143633
value: -6.43749

== Iter: 247 ==
new point: 0.501569, -1.24703, 
points delta: 6.02259e-05
value: -6.43749

== Iter: 248 ==
new point: 0.501569, -1.24717, 
points delta: 0.000136538
value: -6.43749

== Iter: 249 ==
new point: 0.50151, -1.24717, 
points delta: 5.88285e-05
value: -6.43749

== Iter: 250 ==
new point: 0.501457, -1.24717, 
points delta: 5.32963e-05
value: -6.43749

== Iter: 251 ==
new point: 0.501457, -1.2473, 
points delta: 0.000131508
value: -6.43749

== Iter: 252 ==
new point: 0.501405, -1.2473, 
points delta: 5.23946e-05
value: -6.43749

== Iter: 253 ==
new point: 0.501357, -1.2473, 
points delta: 4.74685e-05
value: -6.43749

== Iter: 254 ==
new point: 0.501314, -1.2473, 
points delta: 4.30061e-05
value: -6.43749

== Iter: 255 ==
new point: 0.501275, -1.2473, 
points delta: 3.89635e-05
value: -6.43749

== Iter: 256 ==
new point: 0.50124, -1.2473, 
points delta: 3.53012e-05
value: -6.43749

== Iter: 257 ==
new point: 0.501208, -1.2473, 
points delta: 3.19834e-05
value: -6.43749

== Iter: 258 ==
new point: 0.501179, -1.2473, 
points delta: 2.89776e-05
value: -6.43749

== Iter: 259 ==
new point: 0.501153, -1.2473, 
points delta: 2.62545e-05
value: -6.43749

== Iter: 260 ==
new point: 0.501153, -1.24743, 
points delta: 0.0001328
value: -6.43749

== Iter: 261 ==
new point: 0.501125, -1.24743, 
points delta: 2.79374e-05
value: -6.43749

== Iter: 262 ==
new point: 0.5011, -1.24743, 
points delta: 2.53123e-05
value: -6.43749

== Iter: 263 ==
new point: 0.5011, -1.24756, 
points delta: 0.000126164
value: -6.43749

== Iter: 264 ==
new point: 0.501073, -1.24756, 
points delta: 2.68766e-05
value: -6.43749

== Iter: 265 ==
new point: 0.501048, -1.24756, 
points delta: 2.43514e-05
value: -6.43749

== Iter: 266 ==
new point: 0.501048, -1.24768, 
points delta: 0.00011988
value: -6.4375

== Iter: 267 ==
new point: 0.501048, -1.24779, 
points delta: 0.000112387
value: -6.4375

== Iter: 268 ==
new point: 0.501019, -1.24779, 
points delta: 2.9322e-05
value: -6.4375

== Iter: 269 ==
new point: 0.501019, -1.2479, 
points delta: 0.000106279
value: -6.4375

== Iter: 270 ==
new point: 0.500989, -1.2479, 
points delta: 2.98886e-05
value: -6.4375

== Iter: 271 ==
new point: 0.500989, -1.248, 
points delta: 0.000100571
value: -6.4375

== Iter: 272 ==
new point: 0.500989, -1.24809, 
points delta: 9.42851e-05
value: -6.4375

== Iter: 273 ==
new point: 0.500989, -1.24818, 
points delta: 8.83922e-05
value: -6.4375

== Iter: 274 ==
new point: 0.500953, -1.24818, 
points delta: 3.59324e-05
value: -6.4375

== Iter: 275 ==
new point: 0.500921, -1.24818, 
points delta: 3.25572e-05
value: -6.4375

== Iter: 276 ==
new point: 0.500891, -1.24818, 
points delta: 2.94992e-05
value: -6.4375

== Iter: 277 ==
new point: 0.500891, -1.24827, 
points delta: 8.59299e-05
value: -6.4375

== Iter: 278 ==
new point: 0.500862, -1.24827, 
points delta: 2.9414e-05
value: -6.4375

== Iter: 279 ==
new point: 0.500862, -1.24835, 
points delta: 8.14784e-05
value: -6.4375

== Iter: 280 ==
new point: 0.500862, -1.24842, 
points delta: 7.6386e-05
value: -6.4375

== Iter: 281 ==
new point: 0.50083, -1.24842, 
points delta: 3.15849e-05
value: -6.4375

== Iter: 282 ==
new point: 0.500802, -1.24842, 
points delta: 2.86188e-05
value: -6.4375

== Iter: 283 ==
new point: 0.500802, -1.2485, 
points delta: 7.34933e-05
value: -6.4375

== Iter: 284 ==
new point: 0.500773, -1.2485, 
points delta: 2.8228e-05
value: -6.4375

== Iter: 285 ==
new point: 0.500748, -1.2485, 
points delta: 2.55775e-05
value: -6.4375

== Iter: 286 ==
new point: 0.500748, -1.24857, 
points delta: 7.05814e-05
value: -6.4375

== Iter: 287 ==
new point: 0.500722, -1.24857, 
points delta: 2.53816e-05
value: -6.4375

== Iter: 288 ==
new point: 0.500699, -1.24857, 
points delta: 2.29986e-05
value: -6.4375

== Iter: 289 ==
new point: 0.500678, -1.24857, 
points delta: 2.08394e-05
value: -6.4375

== Iter: 290 ==
new point: 0.50066, -1.24857, 
points delta: 1.8883e-05
value: -6.4375

== Iter: 291 ==
new point: 0.50066, -1.24864, 
points delta: 6.89232e-05
value: -6.4375

== Iter: 292 ==
new point: 0.50064, -1.24864, 
points delta: 1.92642e-05
value: -6.4375

== Iter: 293 ==
new point: 0.500623, -1.24864, 
points delta: 1.74559e-05
value: -6.4375

== Iter: 294 ==
new point: 0.500607, -1.24864, 
points delta: 1.58173e-05
value: -6.4375

== Iter: 295 ==
new point: 0.500607, -1.2487, 
points delta: 6.62573e-05
value: -6.4375

== Iter: 296 ==
new point: 0.500591, -1.2487, 
points delta: 1.64032e-05
value: -6.4375

== Iter: 297 ==
new point: 0.500576, -1.2487, 
points delta: 1.48635e-05
value: -6.4375

== Iter: 298 ==
new point: 0.500562, -1.2487, 
points delta: 1.34684e-05
value: -6.4375

== Iter: 299 ==
new point: 0.500562, -1.24877, 
points delta: 6.35142e-05
value: -6.4375

== Iter: 300 ==
new point: 0.500562, -1.24883, 
points delta: 5.95446e-05
value: -6.4375

== Iter: 301 ==
new point: 0.500562, -1.24888, 
points delta: 5.5823e-05
value: -6.4375

== Iter: 302 ==
new point: 0.500545, -1.24888, 
points delta: 1.77944e-05
value: -6.4375

== Iter: 303 ==
new point: 0.500528, -1.24888, 
points delta: 1.61243e-05
value: -6.4375

== Iter: 304 ==
new point: 0.500514, -1.24888, 
points delta: 1.4611e-05
value: -6.4375

== Iter: 305 ==
new point: 0.500514, -1.24894, 
points delta: 5.38507e-05
value: -6.4375

== Iter: 306 ==
new point: 0.500499, -1.24894, 
points delta: 1.49227e-05
value: -6.4375

== Iter: 307 ==
new point: 0.500485, -1.24894, 
points delta: 1.35222e-05
value: -6.4375

== Iter: 308 ==
new point: 0.500473, -1.24894, 
points delta: 1.22533e-05
value: -6.4375

== Iter: 309 ==
new point: 0.500462, -1.24894, 
points delta: 1.11034e-05
value: -6.4375

== Iter: 310 ==
new point: 0.500462, -1.24899, 
points delta: 5.21038e-05
value: -6.4375

== Iter: 311 ==
new point: 0.50045, -1.24899, 
points delta: 1.16898e-05
value: -6.4375

== Iter: 312 ==
new point: 0.50044, -1.24899, 
points delta: 1.05928e-05
value: -6.4375

== Iter: 313 ==
new point: 0.50044, -1.24904, 
points delta: 4.95436e-05
value: -6.4375

== Iter: 314 ==
new point: 0.50044, -1.24908, 
points delta: 4.64472e-05
value: -6.4375

== Iter: 315 ==
new point: 0.500427, -1.24908, 
points delta: 1.25986e-05
value: -6.4375

== Iter: 316 ==
new point: 0.500427, -1.24913, 
points delta: 4.39379e-05
value: -6.4375

== Iter: 317 ==
new point: 0.500427, -1.24917, 
points delta: 4.11918e-05
value: -6.4375

== Iter: 318 ==
new point: 0.500427, -1.24921, 
points delta: 3.86173e-05
value: -6.4375

== Iter: 319 ==
new point: 0.500412, -1.24921, 
points delta: 1.52836e-05
value: -6.4375

== Iter: 320 ==
new point: 0.500412, -1.24924, 
points delta: 3.66813e-05
value: -6.4375

== Iter: 321 ==
new point: 0.500412, -1.24928, 
points delta: 3.43888e-05
value: -6.4375

== Iter: 322 ==
new point: 0.500412, -1.24931, 
points delta: 3.22395e-05
value: -6.4375

== Iter: 323 ==
new point: 0.500412, -1.24934, 
points delta: 3.02245e-05
value: -6.4375

== Iter: 324 ==
new point: 0.500394, -1.24934, 
points delta: 1.80225e-05
value: -6.4375

== Iter: 325 ==
new point: 0.500377, -1.24934, 
points delta: 1.63315e-05
value: -6.4375

== Iter: 326 ==
new point: 0.500363, -1.24934, 
points delta: 1.47992e-05
value: -6.4375

== Iter: 327 ==
new point: 0.500349, -1.24934, 
points delta: 1.34108e-05
value: -6.4375

== Iter: 328 ==
new point: 0.500337, -1.24934, 
points delta: 1.21526e-05
value: -6.4375

== Iter: 329 ==
new point: 0.500337, -1.24937, 
points delta: 3.06704e-05
value: -6.4375

== Iter: 330 ==
new point: 0.500337, -1.2494, 
points delta: 2.87535e-05
value: -6.4375

== Iter: 331 ==
new point: 0.500337, -1.24943, 
points delta: 2.69564e-05
value: -6.4375

== Iter: 332 ==
new point: 0.500323, -1.24943, 
points delta: 1.37119e-05
value: -6.4375

== Iter: 333 ==
new point: 0.500311, -1.24943, 
points delta: 1.24256e-05
value: -6.4375

== Iter: 334 ==
new point: 0.500311, -1.24945, 
points delta: 2.60884e-05
value: -6.4375

== Iter: 335 ==
new point: 0.500299, -1.24945, 
points delta: 1.20752e-05
value: -6.4375

== Iter: 336 ==
new point: 0.500299, -1.24948, 
points delta: 2.48352e-05
value: -6.4375

== Iter: 337 ==
new point: 0.500287, -1.24948, 
points delta: 1.17186e-05
value: -6.4375

== Iter: 338 ==
new point: 0.500277, -1.24948, 
points delta: 1.06193e-05
value: -6.4375

== Iter: 339 ==
new point: 0.500277, -1.2495, 
points delta: 2.39811e-05
value: -6.4375

== Iter: 340 ==
new point: 0.500266, -1.2495, 
points delta: 1.03726e-05
value: -6.4375

== Iter: 341 ==
new point: 0.500266, -1.24952, 
points delta: 2.28064e-05
value: -6.4375

== Iter: 342 ==
new point: 0.500266, -1.24955, 
points delta: 2.1381e-05
value: -6.4375

== Iter: 343 ==
new point: 0.500266, -1.24957, 
points delta: 2.00447e-05
value: -6.4375

== Iter: 344 ==
new point: 0.500255, -1.24957, 
points delta: 1.14069e-05
value: -6.4375

== Iter: 345 ==
new point: 0.500255, -1.24959, 
points delta: 1.91484e-05
value: -6.4375

== Iter: 346 ==
new point: 0.500255, -1.2496, 
points delta: 1.79516e-05
value: -6.4375

== Iter: 347 ==
new point: 0.500255, -1.24962, 
points delta: 1.68296e-05
value: -6.4375

== Iter: 348 ==
new point: 0.500243, -1.24962, 
points delta: 1.20222e-05
value: -6.4375

== Iter: 349 ==
new point: 0.500232, -1.24962, 
points delta: 1.08946e-05
value: -6.4375

== Iter: 350 ==
new point: 0.500232, -1.24964, 
points delta: 1.64939e-05
value: -6.4375

== Iter: 351 ==
new point: 0.500232, -1.24965, 
points delta: 1.5463e-05
value: -6.4375

== Iter: 352 ==
new point: 0.500221, -1.24965, 
points delta: 1.08714e-05
value: -6.4375

== Iter: 353 ==
new point: 0.500221, -1.24967, 
points delta: 1.48363e-05
value: -6.4375

== Iter: 354 ==
new point: 0.500211, -1.24967, 
points delta: 1.03154e-05
value: -6.4375

== Iter: 355 ==
new point: 0.500201, -1.24967, 
points delta: 9.34788e-06
value: -6.4375

== Iter: 356 ==
new point: 0.500201, -1.24968, 
points delta: 1.45235e-05
value: -6.4375

== Iter: 357 ==
new point: 0.500201, -1.2497, 
points delta: 1.36158e-05
value: -6.4375

== Iter: 358 ==
new point: 0.500192, -1.2497, 
points delta: 9.35051e-06
value: -6.4375

== Iter: 359 ==
new point: 0.500192, -1.24971, 
points delta: 1.3057e-05
value: -6.4375

== Iter: 360 ==
new point: 0.500183, -1.24971, 
points delta: 8.88159e-06
value: -6.4375

== Iter: 361 ==
new point: 0.500175, -1.24971, 
points delta: 8.04863e-06
value: -6.4375

== Iter: 362 ==
new point: 0.500168, -1.24971, 
points delta: 7.2938e-06
value: -6.4375

== Iter: 363 ==
new point: 0.500161, -1.24971, 
points delta: 6.60977e-06
value: -6.4375

== Iter: 364 ==
new point: 0.500155, -1.24971, 
points delta: 5.9899e-06
value: -6.4375

== Iter: 365 ==
new point: 0.500155, -1.24972, 
points delta: 1.33917e-05
value: -6.4375

== Iter: 366 ==
new point: 0.500149, -1.24972, 
points delta: 5.84666e-06
value: -6.4375

== Iter: 367 ==
new point: 0.500149, -1.24973, 
points delta: 1.27374e-05
value: -6.4375

== Iter: 368 ==
new point: 0.500149, -1.24975, 
points delta: 1.19413e-05
value: -6.4375

== Iter: 369 ==
new point: 0.500143, -1.24975, 
points delta: 6.06958e-06
value: -6.4375

== Iter: 370 ==
new point: 0.500138, -1.24975, 
points delta: 5.50039e-06
value: -6.4375

== Iter: 371 ==
new point: 0.500133, -1.24975, 
points delta: 4.98459e-06
value: -6.4375

== Iter: 372 ==
new point: 0.500133, -1.24976, 
points delta: 1.17123e-05
value: -6.4375

== Iter: 373 ==
new point: 0.500128, -1.24976, 
points delta: 4.88317e-06
value: -6.4375

== Iter: 374 ==
new point: 0.500128, -1.24977, 
points delta: 1.11329e-05
value: -6.4375

== Iter: 375 ==
new point: 0.500128, -1.24978, 
points delta: 1.04371e-05
value: -6.4375

== Iter: 376 ==
new point: 0.500128, -1.24979, 
points delta: 9.78479e-06
value: -6.4375

== Iter: 377 ==
new point: 0.500122, -1.24979, 
points delta: 5.40509e-06
value: -6.4375

== Iter: 378 ==
new point: 0.500118, -1.24979, 
points delta: 4.89823e-06
value: -6.4375

== Iter: 379 ==
new point: 0.500118, -1.2498, 
points delta: 9.49522e-06
value: -6.4375

== Iter: 380 ==
new point: 0.500118, -1.24981, 
points delta: 8.90177e-06
value: -6.4375

== Iter: 381 ==
new point: 0.500113, -1.24981, 
points delta: 5.01382e-06
value: -6.4375

== Iter: 382 ==
new point: 0.500108, -1.24981, 
points delta: 4.54367e-06
value: -6.4375

== Iter: 383 ==
new point: 0.500108, -1.24982, 
points delta: 8.64408e-06
value: -6.4375

== Iter: 384 ==
new point: 0.500108, -1.24982, 
points delta: 8.10383e-06
value: -6.4375

== Iter: 385 ==
new point: 0.500103, -1.24982, 
points delta: 4.64098e-06
value: -6.4375

== Iter: 386 ==
new point: 0.500103, -1.24983, 
points delta: 7.74237e-06
value: -6.4375

== Iter: 387 ==
new point: 0.500099, -1.24983, 
points delta: 4.44774e-06
value: -6.4375

== Iter: 388 ==
new point: 0.500099, -1.24984, 
points delta: 7.39746e-06
value: -6.4375

== Iter: 389 ==
new point: 0.500099, -1.24985, 
points delta: 6.93512e-06
value: -6.4375

== Iter: 390 ==
new point: 0.500099, -1.24985, 
points delta: 6.50167e-06
value: -6.4375

== Iter: 391 ==
new point: 0.500099, -1.24986, 
points delta: 6.09532e-06
value: -6.4375

== Iter: 392 ==
new point: 0.500099, -1.24986, 
points delta: 5.71436e-06
value: -6.4375

== Iter: 393 ==
new point: 0.500099, -1.24987, 
points delta: 5.35722e-06
value: -6.4375

== Iter: 394 ==
new point: 0.500099, -1.24988, 
points delta: 5.02239e-06
value: -6.4375

== Iter: 395 ==
new point: 0.500099, -1.24988, 
points delta: 4.70849e-06
value: -6.4375

== Iter: 396 ==
new point: 0.500093, -1.24988, 
points delta: 5.52231e-06
value: -6.4375

== Iter: 397 ==
new point: 0.500093, -1.24988, 
points delta: 4.58678e-06
value: -6.4375

== Iter: 398 ==
new point: 0.500088, -1.24988, 
points delta: 5.14783e-06
value: -6.4375

== Iter: 399 ==
new point: 0.500084, -1.24988, 
points delta: 4.66513e-06
value: -6.4375

== Iter: 400 ==
new point: 0.500084, -1.24989, 
points delta: 4.60676e-06
value: -6.4375

== Iter: 401 ==
new point: 0.500084, -1.24989, 
points delta: 4.31884e-06
value: -6.4375

== Iter: 402 ==
new point: 0.500079, -1.24989, 
points delta: 4.50663e-06
value: -6.4375

== Iter: 403 ==
new point: 0.500075, -1.24989, 
points delta: 4.08406e-06
value: -6.4375

== Iter: 404 ==
new point: 0.500075, -1.2499, 
points delta: 4.31737e-06
value: -6.4375

== Iter: 405 ==
new point: 0.500075, -1.2499, 
points delta: 4.04754e-06
value: -6.4375

== Iter: 406 ==
new point: 0.500075, -1.24991, 
points delta: 3.79456e-06
value: -6.4375

== Iter: 407 ==
new point: 0.500071, -1.24991, 
points delta: 4.0811e-06
value: -6.4375

== Iter: 408 ==
new point: 0.500071, -1.24991, 
points delta: 3.68494e-06
value: -6.4375

== Iter: 409 ==
new point: 0.500067, -1.24991, 
points delta: 3.8136e-06
value: -6.4375

== Iter: 410 ==
new point: 0.500067, -1.24991, 
points delta: 3.57381e-06
value: -6.4375

== Iter: 411 ==
new point: 0.500064, -1.24991, 
points delta: 3.56771e-06
value: -6.4375

== Iter: 412 ==
new point: 0.50006, -1.24991, 
points delta: 3.23319e-06
value: -6.4375

== Iter: 413 ==
new point: 0.50006, -1.24992, 
points delta: 3.56297e-06
value: -6.4375

== Iter: 414 ==
new point: 0.50006, -1.24992, 
points delta: 3.34028e-06
value: -6.4375

== Iter: 415 ==
new point: 0.50006, -1.24992, 
points delta: 3.13152e-06
value: -6.4375

== Iter: 416 ==
new point: 0.50006, -1.24993, 
points delta: 2.9358e-06
value: -6.4375

== Iter: 417 ==
new point: 0.500057, -1.24993, 
points delta: 3.33537e-06
value: -6.4375

== Iter: 418 ==
new point: 0.500057, -1.24993, 
points delta: 2.85654e-06
value: -6.4375

== Iter: 419 ==
new point: 0.500057, -1.24993, 
points delta: 2.67801e-06
value: -6.4375

== Iter: 420 ==
new point: 0.500054, -1.24993, 
points delta: 3.1956e-06
value: -6.4375

== Iter: 421 ==
new point: 0.500051, -1.24993, 
points delta: 2.89598e-06
value: -6.4375

== Iter: 422 ==
new point: 0.500048, -1.24993, 
points delta: 2.62445e-06
value: -6.4375

== Iter: 423 ==
new point: 0.500048, -1.24993, 
points delta: 2.78301e-06
value: -6.4375

== Iter: 424 ==
new point: 0.500048, -1.24994, 
points delta: 2.60907e-06
value: -6.4375

== Iter: 425 ==
new point: 0.500046, -1.24994, 
points delta: 2.54689e-06
value: -6.4375

== Iter: 426 ==
new point: 0.500046, -1.24994, 
points delta: 2.52559e-06
value: -6.4375

== Iter: 427 ==
new point: 0.500046, -1.24994, 
points delta: 2.36774e-06
value: -6.4375

== Iter: 428 ==
new point: 0.500046, -1.24994, 
points delta: 2.21976e-06
value: -6.4375

== Iter: 429 ==
new point: 0.500046, -1.24995, 
points delta: 2.08102e-06
value: -6.4375

== Iter: 430 ==
new point: 0.500046, -1.24995, 
points delta: 1.95096e-06
value: -6.4375

== Iter: 431 ==
new point: 0.500046, -1.24995, 
points delta: 1.82902e-06
value: -6.4375

== Iter: 432 ==
new point: 0.500043, -1.24995, 
points delta: 2.71353e-06
value: -6.4375

== Iter: 433 ==
new point: 0.500043, -1.24995, 
points delta: 1.79951e-06
value: -6.4375

== Iter: 434 ==
new point: 0.500043, -1.24995, 
points delta: 1.68704e-06
value: -6.4375

== Iter: 435 ==
new point: 0.500043, -1.24995, 
points delta: 1.5816e-06
value: -6.4375

== Iter: 436 ==
new point: 0.50004, -1.24995, 
points delta: 2.6175e-06
value: -6.4375

== Iter: 437 ==
new point: 0.50004, -1.24996, 
points delta: 1.56455e-06
value: -6.4375

== Iter: 438 ==
new point: 0.50004, -1.24996, 
points delta: 1.46676e-06
value: -6.4375

== Iter: 439 ==
new point: 0.500038, -1.24996, 
points delta: 2.46682e-06
value: -6.4375

== Iter: 440 ==
new point: 0.500038, -1.24996, 
points delta: 1.45218e-06
value: -6.4375

== Iter: 441 ==
new point: 0.500036, -1.24996, 
points delta: 2.28091e-06
value: -6.4375

== Iter: 442 ==
new point: 0.500034, -1.24996, 
points delta: 2.06706e-06
value: -6.4375

== Iter: 443 ==
new point: 0.500034, -1.24996, 
points delta: 1.49729e-06
value: -6.4375

== Iter: 444 ==
new point: 0.500034, -1.24996, 
points delta: 1.40371e-06
value: -6.4375

== Iter: 445 ==
new point: 0.500032, -1.24996, 
points delta: 1.96392e-06
value: -6.4375

== Iter: 446 ==
new point: 0.50003, -1.24996, 
points delta: 1.77979e-06
value: -6.4375

== Iter: 447 ==
new point: 0.50003, -1.24996, 
points delta: 1.43297e-06
value: -6.4375

== Iter: 448 ==
new point: 0.500028, -1.24996, 
points delta: 1.6577e-06
value: -6.4375

== Iter: 449 ==
new point: 0.500028, -1.24996, 
points delta: 1.39521e-06
value: -6.4375

== Iter: 450 ==
new point: 0.500027, -1.24996, 
points delta: 1.54589e-06
value: -6.4375

== Iter: 451 ==
new point: 0.500025, -1.24996, 
points delta: 1.40095e-06
value: -6.4375

== Iter: 452 ==
new point: 0.500025, -1.24997, 
points delta: 1.4001e-06
value: -6.4375

== Iter: 453 ==
new point: 0.500024, -1.24997, 
points delta: 1.31336e-06
value: -6.4375

== Iter: 454 ==
new point: 0.500023, -1.24997, 
points delta: 1.19022e-06
value: -6.4375

== Iter: 455 ==
new point: 0.500022, -1.24997, 
points delta: 1.07864e-06
value: -6.4375

== Iter: 456 ==
new point: 0.500021, -1.24997, 
points delta: 9.77509e-07
value: -6.4375

== Iter: 457 ==
new point: 0.500021, -1.24997, 
points delta: 1.45508e-06
value: -6.4375

== Iter: 458 ==
new point: 0.500021, -1.24997, 
points delta: 1.36414e-06
value: -6.4375

== Iter: 459 ==
new point: 0.50002, -1.24997, 
points delta: 9.73965e-07
value: -6.4375

== Iter: 460 ==
new point: 0.500019, -1.24997, 
points delta: 8.82652e-07
value: -6.4375

== Iter: 461 ==
new point: 0.500019, -1.24997, 
points delta: 1.3369e-06
value: -6.4375

== Iter: 462 ==
new point: 0.500019, -1.24997, 
points delta: 1.25335e-06
value: -6.4375

== Iter: 463 ==
new point: 0.500019, -1.24997, 
points delta: 1.17501e-06
value: -6.4375

== Iter: 464 ==
new point: 0.500018, -1.24997, 
points delta: 9.17564e-07
value: -6.4375

== Iter: 465 ==
new point: 0.500017, -1.24997, 
points delta: 8.3154e-07
value: -6.4375

== Iter: 466 ==
new point: 0.500016, -1.24997, 
points delta: 7.5358e-07
value: -6.4375

== Iter: 467 ==
new point: 0.500016, -1.24997, 
points delta: 1.17978e-06
value: -6.4375

== Iter: 468 ==
new point: 0.500016, -1.24998, 
points delta: 1.10605e-06
value: -6.4375

== Iter: 469 ==
new point: 0.500016, -1.24998, 
points delta: 7.54362e-07
value: -6.4375

== Iter: 470 ==
new point: 0.500016, -1.24998, 
points delta: 1.06049e-06
value: -6.4375

== Iter: 471 ==
new point: 0.500015, -1.24998, 
points delta: 7.16778e-07
value: -6.4375

== Iter: 472 ==
new point: 0.500014, -1.24998, 
points delta: 6.49578e-07
value: -6.4375

== Iter: 473 ==
new point: 0.500014, -1.24998, 
points delta: 1.03691e-06
value: -6.4375

== Iter: 474 ==
new point: 0.500014, -1.24998, 
points delta: 9.72103e-07
value: -6.4375

== Iter: 475 ==
new point: 0.500014, -1.24998, 
points delta: 6.5146e-07
value: -6.4375

== Iter: 476 ==
new point: 0.500014, -1.24998, 
points delta: 9.31705e-07
value: -6.4375

== Iter: 477 ==
new point: 0.500014, -1.24998, 
points delta: 8.73473e-07
value: -6.4375

== Iter: 478 ==
new point: 0.500014, -1.24998, 
points delta: 8.18881e-07
value: -6.4375

== Iter: 479 ==
new point: 0.500013, -1.24998, 
points delta: 6.72386e-07
value: -6.4375

== Iter: 480 ==
new point: 0.500012, -1.24998, 
points delta: 6.09348e-07
value: -6.4375

== Iter: 481 ==
new point: 0.500012, -1.24998, 
points delta: 8.07755e-07
value: -6.4375

== Iter: 482 ==
new point: 0.500012, -1.24998, 
points delta: 5.77463e-07
value: -6.4375

== Iter: 483 ==
new point: 0.500012, -1.24998, 
points delta: 7.75316e-07
value: -6.4375

== Iter: 484 ==
new point: 0.500012, -1.24998, 
points delta: 7.26859e-07
value: -6.4375

== Iter: 485 ==
new point: 0.500011, -1.24998, 
points delta: 5.70267e-07
value: -6.4375

== Iter: 486 ==
new point: 0.500011, -1.24998, 
points delta: 6.99251e-07
value: -6.4375

== Iter: 487 ==
new point: 0.500011, -1.24998, 
points delta: 5.38655e-07
value: -6.4375

== Iter: 488 ==
new point: 0.500011, -1.24998, 
points delta: 6.72381e-07
value: -6.4375

== Iter: 489 ==
new point: 0.500011, -1.24999, 
points delta: 6.30357e-07
value: -6.4375

== Iter: 490 ==
new point: 0.50001, -1.24999, 
points delta: 5.28866e-07
value: -6.4375

== Iter: 491 ==
new point: 0.50001, -1.24999, 
points delta: 4.79283e-07
value: -6.4375

== Iter: 492 ==
new point: 0.500009, -1.24999, 
points delta: 4.3435e-07
value: -6.4375

== Iter: 493 ==
new point: 0.500009, -1.24999, 
points delta: 6.36038e-07
value: -6.4375

== Iter: 494 ==
new point: 0.500009, -1.24999, 
points delta: 5.96286e-07
value: -6.4375

== Iter: 495 ==
new point: 0.500009, -1.24999, 
points delta: 4.32139e-07
value: -6.4375

== Iter: 496 ==
new point: 0.500009, -1.24999, 
points delta: 5.72522e-07
value: -6.4375

== Iter: 497 ==
new point: 0.500009, -1.24999, 
points delta: 5.36739e-07
value: -6.4375

== Iter: 498 ==
new point: 0.500009, -1.24999, 
points delta: 5.03193e-07
value: -6.4375

== Iter: 499 ==
new point: 0.500009, -1.24999, 
points delta: 4.71744e-07
value: -6.4375

== Iter: 500 ==
new point: 0.500009, -1.24999, 
points delta: 4.4226e-07
value: -6.4375

== Iter: 501 ==
new point: 0.500008, -1.24999, 
points delta: 4.70577e-07
value: -6.4375

== Iter: 502 ==
new point: 0.500008, -1.24999, 
points delta: 4.29324e-07
value: -6.4375

== Iter: 503 ==
new point: 0.500008, -1.24999, 
points delta: 4.39876e-07
value: -6.4375

== Iter: 504 ==
new point: 0.500007, -1.24999, 
points delta: 3.98637e-07
value: -6.4375

== Iter: 505 ==
new point: 0.500007, -1.24999, 
points delta: 4.28695e-07
value: -6.4375

== Iter: 506 ==
new point: 0.500007, -1.24999, 
points delta: 3.74661e-07
value: -6.4375

== Iter: 507 ==
new point: 0.500007, -1.24999, 
points delta: 4.13609e-07
value: -6.4375

== Iter: 508 ==
new point: 0.500007, -1.24999, 
points delta: 3.52461e-07
value: -6.4375

== Iter: 509 ==
new point: 0.500007, -1.24999, 
points delta: 3.98773e-07
value: -6.4375

== Iter: 510 ==
new point: 0.500007, -1.24999, 
points delta: 3.7385e-07
value: -6.4375

== Iter: 511 ==
new point: 0.500007, -1.24999, 
points delta: 3.50484e-07
value: -6.4375

== Iter: 512 ==
new point: 0.500006, -1.24999, 
points delta: 3.54515e-07
value: -6.4375

== Iter: 513 ==
new point: 0.500006, -1.24999, 
points delta: 3.21278e-07
value: -6.4375

== Iter: 514 ==
new point: 0.500006, -1.24999, 
points delta: 2.91158e-07
value: -6.4375

== Iter: 515 ==
new point: 0.500006, -1.24999, 
points delta: 3.58796e-07
value: -6.4375

== Iter: 516 ==
new point: 0.500005, -1.24999, 
points delta: 2.75074e-07
value: -6.4375

== Iter: 517 ==
new point: 0.500005, -1.24999, 
points delta: 2.49286e-07
value: -6.4375

== Iter: 518 ==
new point: 0.500005, -1.24999, 
points delta: 3.52758e-07
value: -6.4375

== Iter: 519 ==
new point: 0.500005, -1.24999, 
points delta: 2.36939e-07
value: -6.4375

== Iter: 520 ==
new point: 0.500005, -1.24999, 
points delta: 3.38115e-07
value: -6.4375

== Iter: 521 ==
new point: 0.500005, -1.24999, 
points delta: 3.16983e-07
value: -6.4375

== Iter: 522 ==
new point: 0.500005, -1.24999, 
points delta: 2.35197e-07
value: -6.4375

== Iter: 523 ==
new point: 0.500005, -1.24999, 
points delta: 3.04521e-07
value: -6.4375

== Iter: 524 ==
new point: 0.500004, -1.24999, 
points delta: 2.22664e-07
value: -6.4375

== Iter: 525 ==
new point: 0.500004, -1.24999, 
points delta: 2.92447e-07
value: -6.4375

== Iter: 526 ==
new point: 0.500004, -1.24999, 
points delta: 2.74169e-07
value: -6.4375

== Iter: 527 ==
new point: 0.500004, -1.24999, 
points delta: 2.19495e-07
value: -6.4375

== Iter: 528 ==
new point: 0.500004, -1.24999, 
points delta: 1.98917e-07
value: -6.4375

== Iter: 529 ==
new point: 0.500004, -1.24999, 
points delta: 2.70109e-07
value: -6.4375

== Iter: 530 ==
new point: 0.500004, -1.24999, 
points delta: 2.53227e-07
value: -6.4375

== Iter: 531 ==
new point: 0.500004, -1.24999, 
points delta: 1.96623e-07
value: -6.4375

== Iter: 532 ==
new point: 0.500004, -1.24999, 
points delta: 2.43545e-07
value: -6.4375

== Iter: 533 ==
new point: 0.500004, -1.24999, 
points delta: 1.858e-07
value: -6.4375

== Iter: 534 ==
new point: 0.500003, -1.24999, 
points delta: 1.68381e-07
value: -6.4375

== Iter: 535 ==
new point: 0.500003, -1.24999, 
points delta: 2.39391e-07
value: -6.4375

== Iter: 536 ==
new point: 0.500003, -1.24999, 
points delta: 2.24429e-07
value: -6.4375

== Iter: 537 ==
new point: 0.500003, -1.24999, 
points delta: 1.6709e-07
value: -6.4375

== Iter: 538 ==
new point: 0.500003, -1.25, 
points delta: 2.15624e-07
value: -6.4375

== Iter: 539 ==
new point: 0.500003, -1.25, 
points delta: 1.58163e-07
value: -6.4375

== Iter: 540 ==
new point: 0.500003, -1.25, 
points delta: 2.0709e-07
value: -6.4375

== Iter: 541 ==
new point: 0.500003, -1.25, 
points delta: 1.49807e-07
value: -6.4375

== Iter: 542 ==
new point: 0.500003, -1.25, 
points delta: 1.98829e-07
value: -6.4375

== Iter: 543 ==
new point: 0.500003, -1.25, 
points delta: 1.86402e-07
value: -6.4375

== Iter: 544 ==
new point: 0.500003, -1.25, 
points delta: 1.47801e-07
value: -6.4375

== Iter: 545 ==
new point: 0.500003, -1.25, 
points delta: 1.7937e-07
value: -6.4375

== Iter: 546 ==
new point: 0.500003, -1.25, 
points delta: 1.3955e-07
value: -6.4375

== Iter: 547 ==
new point: 0.500003, -1.25, 
points delta: 1.72521e-07
value: -6.4375

== Iter: 548 ==
new point: 0.500003, -1.25, 
points delta: 1.61738e-07
value: -6.4375

== Iter: 549 ==
new point: 0.500003, -1.25, 
points delta: 1.36913e-07
value: -6.4375

== Iter: 550 ==
new point: 0.500003, -1.25, 
points delta: 1.55908e-07
value: -6.4375

== Iter: 551 ==
new point: 0.500002, -1.25, 
points delta: 1.28949e-07
value: -6.4375

== Iter: 552 ==
new point: 0.500002, -1.25, 
points delta: 1.50193e-07
value: -6.4375

== Iter: 553 ==
new point: 0.500002, -1.25, 
points delta: 1.40806e-07
value: -6.4375

== Iter: 554 ==
new point: 0.500002, -1.25, 
points delta: 1.32006e-07
value: -6.4375

== Iter: 555 ==
new point: 0.500002, -1.25, 
points delta: 1.30079e-07
value: -6.4375

== Iter: 556 ==
new point: 0.500002, -1.25, 
points delta: 1.17884e-07
value: -6.4375

== Iter: 557 ==
new point: 0.500002, -1.25, 
points delta: 1.31504e-07
value: -6.4375

== Iter: 558 ==
new point: 0.500002, -1.25, 
points delta: 1.10942e-07
value: -6.4375

== Iter: 559 ==
new point: 0.500002, -1.25, 
points delta: 1.00541e-07
value: -6.4375

== Iter: 560 ==
new point: 0.500002, -1.25, 
points delta: 9.11153e-08
value: -6.4375

== Iter: 561 ==
new point: 0.500002, -1.25, 
points delta: 1.32742e-07
value: -6.4375

== Iter: 562 ==
new point: 0.500002, -1.25, 
points delta: 8.67213e-08
value: -6.4375

== Iter: 563 ==
new point: 0.500002, -1.25, 
points delta: 1.27155e-07
value: -6.4375

== Iter: 564 ==
new point: 0.500002, -1.25, 
points delta: 1.19208e-07
value: -6.4375

== Iter: 565 ==
new point: 0.500002, -1.25, 
points delta: 8.629e-08
value: -6.4375

== Iter: 566 ==
new point: 0.500002, -1.25, 
points delta: 1.14454e-07
value: -6.4375

== Iter: 567 ==
new point: 0.500002, -1.25, 
points delta: 1.07301e-07
value: -6.4375

== Iter: 568 ==
new point: 0.500002, -1.25, 
points delta: 8.51302e-08
value: -6.4375

== Iter: 569 ==
new point: 0.500002, -1.25, 
points delta: 7.71492e-08
value: -6.4375

== Iter: 570 ==
new point: 0.500002, -1.25, 
points delta: 1.05666e-07
value: -6.4375

== Iter: 571 ==
new point: 0.500002, -1.25, 
points delta: 9.90616e-08
value: -6.4375

== Iter: 572 ==
new point: 0.500001, -1.25, 
points delta: 7.63141e-08
value: -6.4375

== Iter: 573 ==
new point: 0.500001, -1.25, 
points delta: 6.91597e-08
value: -6.4375

== Iter: 574 ==
new point: 0.500001, -1.25, 
points delta: 6.26759e-08
value: -6.4375

== Iter: 575 ==
new point: 0.500001, -1.25, 
points delta: 9.93749e-08
value: -6.4375

== Iter: 576 ==
new point: 0.500001, -1.25, 
points delta: 9.3164e-08
value: -6.4375

== Iter: 577 ==
new point: 0.500001, -1.25, 
points delta: 8.73412e-08
value: -6.4375

== Iter: 578 ==
new point: 0.500001, -1.25, 
points delta: 6.55463e-08
value: -6.4375

== Iter: 579 ==
new point: 0.500001, -1.25, 
points delta: 8.39307e-08
value: -6.4375

== Iter: 580 ==
new point: 0.500001, -1.25, 
points delta: 7.8685e-08
value: -6.4375

== Iter: 581 ==
new point: 0.500001, -1.25, 
points delta: 7.37672e-08
value: -6.4375

== Iter: 582 ==
new point: 0.500001, -1.25, 
points delta: 6.91568e-08
value: -6.4375

== Iter: 583 ==
new point: 0.500001, -1.25, 
points delta: 6.89494e-08
value: -6.4375

== Iter: 584 ==
new point: 0.500001, -1.25, 
points delta: 6.24854e-08
value: -6.4375

== Iter: 585 ==
new point: 0.500001, -1.25, 
points delta: 6.89418e-08
value: -6.4375

== Iter: 586 ==
new point: 0.500001, -1.25, 
points delta: 5.87818e-08
value: -6.4375

== Iter: 587 ==
new point: 0.500001, -1.25, 
points delta: 5.3271e-08
value: -6.4375

== Iter: 588 ==
new point: 0.500001, -1.25, 
points delta: 4.82768e-08
value: -6.4375

== Iter: 589 ==
new point: 0.500001, -1.25, 
points delta: 4.37509e-08
value: -6.4375

== Iter: 590 ==
new point: 0.500001, -1.25, 
points delta: 3.96492e-08
value: -6.4375

== Iter: 591 ==
new point: 0.500001, -1.25, 
points delta: 3.59321e-08
value: -6.4375

== Iter: 592 ==
new point: 0.500001, -1.25, 
points delta: 7.33724e-08
value: -6.4375

== Iter: 593 ==
new point: 0.500001, -1.25, 
points delta: 6.87866e-08
value: -6.4375

== Iter: 594 ==
new point: 0.500001, -1.25, 
points delta: 6.44875e-08
value: -6.4375

== Iter: 595 ==
new point: 0.500001, -1.25, 
points delta: 6.0457e-08
value: -6.4375

== Iter: 596 ==
new point: 0.500001, -1.25, 
points delta: 5.66784e-08
value: -6.4375

== Iter: 597 ==
new point: 0.500001, -1.25, 
points delta: 4.26816e-08
value: -6.4375

== Iter: 598 ==
new point: 0.500001, -1.25, 
points delta: 3.86802e-08
value: -6.4375

== Iter: 599 ==
new point: 0.500001, -1.25, 
points delta: 3.5054e-08
value: -6.4375

== Iter: 600 ==
new point: 0.500001, -1.25, 
points delta: 3.17676e-08
value: -6.4375

== Iter: 601 ==
new point: 0.500001, -1.25, 
points delta: 5.77668e-08
value: -6.4375

== Iter: 602 ==
new point: 0.500001, -1.25, 
points delta: 5.41563e-08
value: -6.4375

== Iter: 603 ==
new point: 0.500001, -1.25, 
points delta: 5.07716e-08
value: -6.4375

== Iter: 604 ==
new point: 0.500001, -1.25, 
points delta: 4.75983e-08
value: -6.4375

== Iter: 605 ==
new point: 0.500001, -1.25, 
points delta: 3.53611e-08
value: -6.4375

== Iter: 606 ==
new point: 0.500001, -1.25, 
points delta: 3.2046e-08
value: -6.4375

== Iter: 607 ==
new point: 0.500001, -1.25, 
points delta: 2.90417e-08
value: -6.4375

== Iter: 608 ==
new point: 0.500001, -1.25, 
points delta: 4.76375e-08
value: -6.4375

== Iter: 609 ==
new point: 0.500001, -1.25, 
points delta: 2.78077e-08
value: -6.4375

== Iter: 610 ==
new point: 0.500001, -1.25, 
points delta: 4.55291e-08
value: -6.4375

== Iter: 611 ==
new point: 0.500001, -1.25, 
points delta: 2.66235e-08
value: -6.4375

== Iter: 612 ==
new point: 0.500001, -1.25, 
points delta: 4.35155e-08
value: -6.4375

== Iter: 613 ==
new point: 0.500001, -1.25, 
points delta: 4.07958e-08
value: -6.4375

== Iter: 614 ==
new point: 0.500001, -1.25, 
points delta: 2.67623e-08
value: -6.4375

== Iter: 615 ==
new point: 0.500001, -1.25, 
points delta: 3.90824e-08
value: -6.4375

== Iter: 616 ==
new point: 0.500001, -1.25, 
points delta: 2.54746e-08
value: -6.4375

== Iter: 617 ==
new point: 0.500001, -1.25, 
points delta: 3.74358e-08
value: -6.4375

== Iter: 618 ==
new point: 0.500001, -1.25, 
points delta: 3.50961e-08
value: -6.4375

== Iter: 619 ==
new point: 0.500001, -1.25, 
points delta: 2.5353e-08
value: -6.4375

== Iter: 620 ==
new point: 0.500001, -1.25, 
points delta: 3.36949e-08
value: -6.4375

== Iter: 621 ==
new point: 0.500001, -1.25, 
points delta: 3.15889e-08
value: -6.4375

== Iter: 622 ==
new point: 0.5, -1.25, 
points delta: 2.50163e-08
value: -6.4375

== Iter: 623 ==
new point: 0.5, -1.25, 
points delta: 3.03964e-08
value: -6.4375

== Iter: 624 ==
new point: 0.5, -1.25, 
points delta: 2.36209e-08
value: -6.4375

== Iter: 625 ==
new point: 0.5, -1.25, 
points delta: 2.92348e-08
value: -6.4375

== Iter: 626 ==
new point: 0.5, -1.25, 
points delta: 2.232e-08
value: -6.4375

== Iter: 627 ==
new point: 0.5, -1.25, 
points delta: 2.02275e-08
value: -6.4375

== Iter: 628 ==
new point: 0.5, -1.25, 
points delta: 1.83312e-08
value: -6.4375

== Iter: 629 ==
new point: 0.5, -1.25, 
points delta: 1.66126e-08
value: -6.4375

== Iter: 630 ==
new point: 0.5, -1.25, 
points delta: 1.50552e-08
value: -6.4375

== Iter: 631 ==
new point: 0.5, -1.25, 
points delta: 1.36438e-08
value: -6.4375

== Iter: 632 ==
new point: 0.5, -1.25, 
points delta: 3.0726e-08
value: -6.4375

== Iter: 633 ==
new point: 0.5, -1.25, 
points delta: 2.88057e-08
value: -6.4375

== Iter: 634 ==
new point: 0.5, -1.25, 
points delta: 2.70053e-08
value: -6.4375

== Iter: 635 ==
new point: 0.5, -1.25, 
points delta: 1.50689e-08
value: -6.4375

== Iter: 636 ==
new point: 0.5, -1.25, 
points delta: 2.57884e-08
value: -6.4375

== Iter: 637 ==
new point: 0.5, -1.25, 
points delta: 2.41766e-08
value: -6.4375

== Iter: 638 ==
new point: 0.5, -1.25, 
points delta: 1.52176e-08
value: -6.4375

== Iter: 639 ==
new point: 0.5, -1.25, 
points delta: 1.3791e-08
value: -6.4375

== Iter: 640 ==
new point: 0.5, -1.25, 
points delta: 2.35721e-08
value: -6.4375

== Iter: 641 ==
new point: 0.5, -1.25, 
points delta: 1.32347e-08
value: -6.4375

== Iter: 642 ==
new point: 0.5, -1.25, 
points delta: 1.19939e-08
value: -6.4375

== Iter: 643 ==
new point: 0.5, -1.25, 
points delta: 1.08695e-08
value: -6.4375

== Iter: 644 ==
new point: 0.5, -1.25, 
points delta: 2.32269e-08
value: -6.4375

== Iter: 645 ==
new point: 0.5, -1.25, 
points delta: 2.17752e-08
value: -6.4375

== Iter: 646 ==
new point: 0.5, -1.25, 
points delta: 2.04143e-08
value: -6.4375

== Iter: 647 ==
new point: 0.5, -1.25, 
points delta: 1.91384e-08
value: -6.4375

== Iter: 648 ==
new point: 0.5, -1.25, 
points delta: 1.24928e-08
value: -6.4375

== Iter: 649 ==
new point: 0.5, -1.25, 
points delta: 1.13216e-08
value: -6.4375

== Iter: 650 ==
new point: 0.5, -1.25, 
points delta: 1.86864e-08
value: -6.4375

== Iter: 651 ==
new point: 0.5, -1.25, 
points delta: 1.75185e-08
value: -6.4375

== Iter: 652 ==
new point: 0.5, -1.25, 
points delta: 1.13916e-08
value: -6.4375

== Iter: 653 ==
new point: 0.5, -1.25, 
points delta: 1.67796e-08
value: -6.4375

== Iter: 654 ==
new point: 0.5, -1.25, 
points delta: 1.0848e-08
value: -6.4375

== Iter: 655 ==
new point: 0.5, -1.25, 
points delta: 9.83102e-09
value: -6.4375

== Iter: 656 ==
new point: 0.5, -1.25, 
points delta: 8.90936e-09
value: -6.4375

== Iter: 657 ==
new point: 0.5, -1.25, 
points delta: 8.07411e-09
value: -6.4375

== Iter: 658 ==
new point: 0.5, -1.25, 
points delta: 7.31716e-09
value: -6.4375

== Iter: 659 ==
new point: 0.5, -1.25, 
points delta: 6.63118e-09
value: -6.4375

== Iter: 660 ==
new point: 0.5, -1.25, 
points delta: 6.00951e-09
value: -6.4375

== Iter: 661 ==
new point: 0.5, -1.25, 
points delta: 5.44611e-09
value: -6.4375

== Iter: 662 ==
new point: 0.5, -1.25, 
points delta: 1.77017e-08
value: -6.4375

== Iter: 663 ==
new point: 0.5, -1.25, 
points delta: 1.65954e-08
value: -6.4375

== Iter: 664 ==
new point: 0.5, -1.25, 
points delta: 6.00732e-09
value: -6.4375

== Iter: 665 ==
new point: 0.5, -1.25, 
points delta: 5.44414e-09
value: -6.4375
