Function:
-4 - 2X1 + X1^3 + 3X2 - X1*X2 + X2^2
EPSILON: 8.67362e-19
MIN STEP: 8.67362e-19
MAX STEP: 1

== Iter: 0 ==
step: 0.340493
new point: 0, -1.02148, 
points delta: 1.02148
value: -6.02102
gradientValue: -2, 3, 
gradientNotm: 3.60555

== Iter: 1 ==
step: 0.39001
new point: 0.381633, -1.02148, 
points delta: 0.381633
value: -6.33887
gradientValue: -0.97852, 0.957041, 
gradientNotm: 1.36873

== Iter: 2 ==
step: 0.297641
new point: 0.381633, -1.19274, 
points delta: 0.171265
value: -6.40809
gradientValue: -0.54159, 0.575408, 
gradientNotm: 0.790198

== Iter: 3 ==
step: 0.298827
new point: 0.492296, -1.19274, 
points delta: 0.110663
value: -6.43369
gradientValue: -0.370325, 0.232878, 
gradientNotm: 0.437462

== Iter: 4 ==
step: 0.310063
new point: 0.492296, -1.23064, 
points delta: 0.0378944
value: -6.43689
gradientValue: -0.08019, 0.122215, 
gradientNotm: 0.146174

== Iter: 5 ==
step: 0.290243
new point: 0.504572, -1.23064, 
points delta: 0.012276
value: -6.43718
gradientValue: -0.0422956, 0.0464263, 
gradientNotm: 0.0628038

== Iter: 6 ==
step: 0.426544
new point: 0.504572, -1.24521, 
points delta: 0.0145666
value: -6.43747
gradientValue: -0.00558292, 0.0341503, 
gradientNotm: 0.0346036

== Iter: 7 ==
step: 0.520553
new point: 0.499895, -1.24521, 
points delta: 0.00467649
value: -6.43748
gradientValue: 0.0089837, 0.00501706, 
gradientNotm: 0.0102897

== Iter: 8 ==
step: 0.328524
new point: 0.499895, -1.24839, 
points delta: 0.00318456
value: -6.4375
gradientValue: -0.00510845, 0.00969355, 
gradientNotm: 0.0109572

== Iter: 9 ==
step: 0.320846
new point: 0.500513, -1.24839, 
points delta: 0.000617272
value: -6.4375
gradientValue: -0.00192389, 0.00332443, 
gradientNotm: 0.00384098

== Iter: 10 ==
step: 0.486844
new point: 0.500513, -1.24971, 
points delta: 0.00131796
value: -6.4375
gradientValue: -7.13152e-05, 0.00270715, 
gradientNotm: 0.00270809

== Iter: 11 ==
step: 0.346704
new point: 0.50008, -1.24971, 
points delta: 0.000432218
value: -6.4375
gradientValue: 0.00124665, 7.12286e-05, 
gradientNotm: 0.00124868

== Iter: 12 ==
step: 0.452403
new point: 0.50008, -1.24994, 
points delta: 0.000227761
value: -6.4375
gradientValue: -5.07762e-05, 0.000503447, 
gradientNotm: 0.000506001

== Iter: 13 ==
step: 0.412203
new point: 0.500007, -1.24994, 
points delta: 7.29534e-05
value: -6.4375
gradientValue: 0.000176984, 4.79256e-05, 
gradientNotm: 0.000183359

== Iter: 14 ==
step: 0.366804
new point: 0.500007, -1.24998, 
points delta: 4.4339e-05
value: -6.4375
gradientValue: -4.18951e-05, 0.000120879, 
gradientNotm: 0.000127933

== Iter: 15 ==
step: 0.53992
new point: 0.500006, -1.24998, 
points delta: 1.31951e-06
value: -6.4375
gradientValue: 2.44389e-06, 3.22011e-05, 
gradientNotm: 3.22937e-05

== Iter: 16 ==
step: 0.478714
new point: 0.500006, -1.25, 
points delta: 1.60468e-05
value: -6.4375
gradientValue: -1.51468e-06, 3.35206e-05, 
gradientNotm: 3.35548e-05

== Iter: 17 ==
step: 0.358674
new point: 0.500001, -1.25, 
points delta: 5.21228e-06
value: -6.4375
gradientValue: 1.45321e-05, 1.42705e-06, 
gradientNotm: 1.4602e-05

== Iter: 18 ==
step: 0.424905
new point: 0.500001, -1.25, 
points delta: 2.82109e-06
value: -6.4375
gradientValue: -1.10486e-06, 6.63934e-06, 
gradientNotm: 6.73064e-06

== Iter: 19 ==
step: 0.537094
new point: 0.5, -1.25, 
points delta: 9.21775e-07
value: -6.4375
gradientValue: 1.71623e-06, 9.97161e-07, 
gradientNotm: 1.98488e-06

== Iter: 20 ==
step: 0.329257
new point: 0.5, -1.25, 
points delta: 6.31823e-07
value: -6.4375
gradientValue: -1.0491e-06, 1.91894e-06, 
gradientNotm: 2.18699e-06

== Iter: 21 ==
step: 0.312996
new point: 0.5, -1.25, 
points delta: 1.30607e-07
value: -6.4375
gradientValue: -4.17279e-07, 6.5529e-07, 
gradientNotm: 7.7687e-07

== Iter: 22 ==
step: 0.502653
new point: 0.5, -1.25, 
points delta: 2.63733e-07
value: -6.4375
gradientValue: -2.54593e-08, 5.24683e-07, 
gradientNotm: 5.25301e-07

== Iter: 23 ==
step: 0.329257
new point: 0.5, -1.25, 
points delta: 7.84534e-08
value: -6.4375
gradientValue: 2.38274e-07, -2.78346e-09, 
gradientNotm: 2.3829e-07

== Iter: 24 ==
step: 0.634209
new point: 0.5, -1.25, 
points delta: 4.79906e-08
value: -6.4375
gradientValue: 2.91382e-09, 7.567e-08, 
gradientNotm: 7.57261e-08

== Iter: 25 ==
step: 0.645165
new point: 0.5, -1.25, 
points delta: 3.28417e-08
value: -6.4375
gradientValue: 5.09044e-08, -2.03111e-08, 
gradientNotm: 5.48069e-08

== Iter: 26 ==
step: 0.731043
new point: 0.5, -1.25, 
points delta: 9.16039e-09
value: -6.4375
gradientValue: -4.76208e-08, 1.25306e-08, 
gradientNotm: 4.92418e-08
